ECHO is off.
ECHO is off.
INFO: [HLS 200-10] Running 'C:/Xilinx/Vitis_HLS/2023.2/bin/unwrapped/win64.o/vitis_hls.exe'
INFO: [HLS 200-10] For user 'Lenovo' on host 'desktop-s002mtc' (Windows NT_amd64 version 6.2) on Tue Jan 28 03:39:56 +0330 2025
INFO: [HLS 200-10] In directory 'C:/Users/Lenovo/Desktop/aaaaaaaaaaaaaaaaaaaa'
INFO: [HLS 200-2053] The vitis_hls executable is being deprecated. Consider using vitis-run --mode hls --tcl
Sourcing Tcl script 'C:/Users/Lenovo/Desktop/aaaaaaaaaaaaaaaaaaaa/cnn/solution1/csim.tcl'
INFO: [HLS 200-1510] Running: source C:/Users/Lenovo/Desktop/aaaaaaaaaaaaaaaaaaaa/cnn/solution1/csim.tcl
INFO: [HLS 200-1510] Running: open_project cnn 
INFO: [HLS 200-10] Opening project 'C:/Users/Lenovo/Desktop/aaaaaaaaaaaaaaaaaaaa/cnn'.
INFO: [HLS 200-1510] Running: set_top cnn 
INFO: [HLS 200-1510] Running: add_files cnn.cpp 
INFO: [HLS 200-10] Adding design file 'cnn.cpp' to the project
INFO: [HLS 200-1510] Running: add_files -tb digits.cpp 
INFO: [HLS 200-10] Adding test bench file 'digits.cpp' to the project
INFO: [HLS 200-1510] Running: add_files -tb tb.cpp 
INFO: [HLS 200-10] Adding test bench file 'tb.cpp' to the project
INFO: [HLS 200-1510] Running: open_solution solution1 -flow_target vivado 
INFO: [HLS 200-10] Opening solution 'C:/Users/Lenovo/Desktop/aaaaaaaaaaaaaaaaaaaa/cnn/solution1'.
INFO: [SYN 201-201] Setting up clock 'default' with a period of 10ns.
INFO: [HLS 200-1611] Setting target device to 'xcvu11p-flga2577-1-e'
INFO: [HLS 200-1505] Using flow_target 'vivado'
Resolution: For help on HLS 200-1505 see docs.xilinx.com/access/sources/dita/topic?Doc_Version=2023.2%20English&url=ug1448-hls-guidance&resourceid=200-1505.html
INFO: [HLS 200-1510] Running: set_part xcvu11p-flga2577-1-e 
INFO: [HLS 200-1510] Running: create_clock -period 10 -name default 
INFO: [HLS 200-1510] Running: source ./cnn/solution1/directives.tcl
INFO: [HLS 200-1510] Running: set_directive_top -name cnn cnn 
INFO: [HLS 200-1510] Running: csim_design -quiet 
INFO: [SIM 211-2] *************** CSIM start ***************
INFO: [SIM 211-4] CSIM will launch GCC as the compiler.
INFO: [HLS 200-2036] Building debug C Simulation binaries
   Compiling ../../../../cnn.cpp in debug mode
   Generating csim.exe
In file included from C:/Xilinx/Vitis_HLS/2023.2/include/floating_point_v7_1_bitacc_cmodel.h:150:0,
                 from C:/Xilinx/Vitis_HLS/2023.2/include/hls_fpo.h:140,
                 from C:/Xilinx/Vitis_HLS/2023.2/include/etc/hls_half_fpo.h:19,
                 from C:/Xilinx/Vitis_HLS/2023.2/include/hls_half.h:26,
                 from C:/Xilinx/Vitis_HLS/2023.2/include/etc/ap_private.h:52,
                 from C:/Xilinx/Vitis_HLS/2023.2/include/etc/ap_common.h:666,
                 from C:/Xilinx/Vitis_HLS/2023.2/include/ap_fixed.h:9,
                 from ../../../../cnn.cpp:2:
C:/Xilinx/Vitis_HLS/2023.2/include/gmp.h:58:0: warning: "__GMP_LIBGMP_DLL" redefined
 #define __GMP_LIBGMP_DLL  0
 
In file included from C:/Xilinx/Vitis_HLS/2023.2/include/hls_fpo.h:140:0,
                 from C:/Xilinx/Vitis_HLS/2023.2/include/etc/hls_half_fpo.h:19,
                 from C:/Xilinx/Vitis_HLS/2023.2/include/hls_half.h:26,
                 from C:/Xilinx/Vitis_HLS/2023.2/include/etc/ap_private.h:52,
                 from C:/Xilinx/Vitis_HLS/2023.2/include/etc/ap_common.h:666,
                 from C:/Xilinx/Vitis_HLS/2023.2/include/ap_fixed.h:9,
                 from ../../../../cnn.cpp:2:
C:/Xilinx/Vitis_HLS/2023.2/include/floating_point_v7_1_bitacc_cmodel.h:142:0: note: this is the location of the previous definition
 #define __GMP_LIBGMP_DLL 1
 
364INFO: [SIM 211-1] CSim done with 0 errors.
INFO: [SIM 211-3] *************** CSIM finish ***************
INFO: [HLS 200-111] Finished Command csim_design CPU user time: 0 seconds. CPU system time: 0 seconds. Elapsed time: 8.692 seconds; current allocated memory: 0.426 MB.
INFO: [HLS 200-112] Total CPU user time: 1 seconds. Total CPU system time: 0 seconds. Total elapsed time: 9.753 seconds; peak allocated memory: 116.043 MB.
