

================================================================
== Vitis HLS Report for 'cnn_Pipeline_VITIS_LOOP_21_218'
================================================================
* Date:           Tue Jan 28 03:38:47 2025

* Version:        2023.2 (Build 4023990 on Oct 11 2023)
* Project:        cnn
* Solution:       solution1 (Vivado IP Flow Target)
* Product family: virtexuplus
* Target device:  xcvu11p-flga2577-1-e


================================================================
== Performance Estimates
================================================================
+ Timing: 
    * Summary: 
    +--------+----------+----------+------------+
    |  Clock |  Target  | Estimated| Uncertainty|
    +--------+----------+----------+------------+
    |ap_clk  |  10.00 ns|  2.691 ns|     2.70 ns|
    +--------+----------+----------+------------+

+ Latency: 
    * Summary: 
    +---------+---------+----------+----------+-----+-----+---------+
    |  Latency (cycles) |  Latency (absolute) |  Interval | Pipeline|
    |   min   |   max   |    min   |    max   | min | max |   Type  |
    +---------+---------+----------+----------+-----+-----+---------+
    |       16|       16|  0.160 us|  0.160 us|   16|   16|       no|
    +---------+---------+----------+----------+-----+-----+---------+

    + Detail: 
        * Instance: 
        N/A

        * Loop: 
        +-------------------+---------+---------+----------+-----------+-----------+------+----------+
        |                   |  Latency (cycles) | Iteration|  Initiation Interval  | Trip |          |
        |     Loop Name     |   min   |   max   |  Latency |  achieved |   target  | Count| Pipelined|
        +-------------------+---------+---------+----------+-----------+-----------+------+----------+
        |- VITIS_LOOP_21_2  |       14|       14|         2|          1|          1|    14|       yes|
        +-------------------+---------+---------+----------+-----------+-----------+------+----------+

============================================================
+ Verbose Summary: Synthesis Manager
============================================================
InlineROM: 1
ExposeGlobal: 0
============================================================
+ Verbose Summary: CDFG Model
============================================================
IsTopModel: 0
ResetActiveHigh: 1
IsCombinational: 0
IsDatapathOnly: 0
HasWiredReturn: 1
HasMFsm: 2
HasVarLatency: 1
IsPipeline: 0
IsRtlPipelined: 0
IsInstanceOverlapped: 0
IsDontTouch: 0
HasImplIP: 0
IsGatedGlobalClock: 0

+ Individual pipeline summary: 
  * Pipeline-0: initiation interval (II) = 1, depth = 2


============================================================
+ Verbose Summary: Schedule
============================================================
* Number of FSM states : 2
* Pipeline : 1
  Pipeline-0 : II = 1, D = 2, States = { 1 2 }
* Dataflow Pipeline: 0

* FSM state transitions: 
1 --> 2 
2 --> 

* FSM state operations: 

State 1 <SV = 0> <Delay = 2.69>
ST_1 : Operation 5 [1/1] (0.00ns)   --->   "%j_18 = alloca i32 1" [cnn.cpp:21]   --->   Operation 5 'alloca' 'j_18' <Predicate = true> <Delay = 0.00>
ST_1 : Operation 6 [1/1] (0.00ns)   --->   "%specinterface_ln0 = specinterface void @_ssdm_op_SpecInterface, i16 %input_r, void @empty, i32 0, i32 0, void @empty_0, i32 4294967295, i32 0, void @empty_0, void @empty_0, void @empty_0, i32 0, i32 0, i32 0, i32 0, void @empty_0, void @empty_0, i32 4294967295, i32 0"   --->   Operation 6 'specinterface' 'specinterface_ln0' <Predicate = true> <Delay = 0.00>
ST_1 : Operation 7 [1/1] (0.46ns)   --->   "%store_ln21 = store i5 0, i5 %j_18" [cnn.cpp:21]   --->   Operation 7 'store' 'store_ln21' <Predicate = true> <Delay = 0.46>
ST_1 : Operation 8 [1/1] (0.00ns)   --->   "%br_ln0 = br void %for.inc.18"   --->   Operation 8 'br' 'br_ln0' <Predicate = true> <Delay = 0.00>
ST_1 : Operation 9 [1/1] (0.00ns)   --->   "%j = load i5 %j_18" [cnn.cpp:21]   --->   Operation 9 'load' 'j' <Predicate = true> <Delay = 0.00>
ST_1 : Operation 10 [1/1] (0.82ns)   --->   "%icmp_ln21 = icmp_ult  i5 %j, i5 28" [cnn.cpp:21]   --->   Operation 10 'icmp' 'icmp_ln21' <Predicate = true> <Delay = 0.82> <CoreInst = "Cmp">   --->   Core 9 'Cmp' <Latency = 0> <II = 1> <Delay = 0.82> <FuncUnit> <Opcode : 'icmp'> <InPorts = 2> <OutPorts = 1>
ST_1 : Operation 11 [1/1] (0.00ns)   --->   "%br_ln21 = br i1 %icmp_ln21, void %for.inc12.18.exitStub, void %for.inc.18.split" [cnn.cpp:21]   --->   Operation 11 'br' 'br_ln21' <Predicate = true> <Delay = 0.00>
ST_1 : Operation 12 [1/1] (0.00ns)   --->   "%zext_ln23 = zext i5 %j" [cnn.cpp:23]   --->   Operation 12 'zext' 'zext_ln23' <Predicate = (icmp_ln21)> <Delay = 0.00>
ST_1 : Operation 13 [1/1] (0.93ns)   --->   "%add_ln23 = add i10 %zext_ln23, i10 504" [cnn.cpp:23]   --->   Operation 13 'add' 'add_ln23' <Predicate = (icmp_ln21)> <Delay = 0.93> <CoreInst = "Adder">   --->   Core 1 'Adder' <Latency = 0> <II = 1> <Delay = 0.93> <FuncUnit> <Opcode : 'add' 'sub'> <InPorts = 2> <OutPorts = 1>
ST_1 : Operation 14 [1/1] (0.00ns)   --->   "%zext_ln23_48 = zext i10 %add_ln23" [cnn.cpp:23]   --->   Operation 14 'zext' 'zext_ln23_48' <Predicate = (icmp_ln21)> <Delay = 0.00>
ST_1 : Operation 15 [1/1] (0.00ns)   --->   "%input_r_addr = getelementptr i16 %input_r, i64 0, i64 %zext_ln23_48" [cnn.cpp:23]   --->   Operation 15 'getelementptr' 'input_r_addr' <Predicate = (icmp_ln21)> <Delay = 0.00>
ST_1 : Operation 16 [1/1] (0.82ns)   --->   "%add_ln21 = add i5 %j, i5 2" [cnn.cpp:21]   --->   Operation 16 'add' 'add_ln21' <Predicate = (icmp_ln21)> <Delay = 0.82> <CoreInst = "Adder">   --->   Core 1 'Adder' <Latency = 0> <II = 1> <Delay = 0.82> <FuncUnit> <Opcode : 'add' 'sub'> <InPorts = 2> <OutPorts = 1>
ST_1 : Operation 17 [1/1] (0.00ns) (grouped into LUT with out node add_ln23_14)   --->   "%or_ln21 = or i5 %j, i5 1" [cnn.cpp:21]   --->   Operation 17 'or' 'or_ln21' <Predicate = (icmp_ln21)> <Delay = 0.00>
ST_1 : Operation 18 [1/1] (0.00ns) (grouped into LUT with out node add_ln23_14)   --->   "%zext_ln23_49 = zext i5 %or_ln21" [cnn.cpp:23]   --->   Operation 18 'zext' 'zext_ln23_49' <Predicate = (icmp_ln21)> <Delay = 0.00>
ST_1 : Operation 19 [1/1] (0.93ns) (out node of the LUT)   --->   "%add_ln23_14 = add i10 %zext_ln23_49, i10 504" [cnn.cpp:23]   --->   Operation 19 'add' 'add_ln23_14' <Predicate = (icmp_ln21)> <Delay = 0.93> <CoreInst = "Adder">   --->   Core 1 'Adder' <Latency = 0> <II = 1> <Delay = 0.93> <FuncUnit> <Opcode : 'add' 'sub'> <InPorts = 2> <OutPorts = 1>
ST_1 : Operation 20 [1/1] (0.00ns)   --->   "%zext_ln23_50 = zext i10 %add_ln23_14" [cnn.cpp:23]   --->   Operation 20 'zext' 'zext_ln23_50' <Predicate = (icmp_ln21)> <Delay = 0.00>
ST_1 : Operation 21 [1/1] (0.00ns)   --->   "%input_r_addr_16 = getelementptr i16 %input_r, i64 0, i64 %zext_ln23_50" [cnn.cpp:23]   --->   Operation 21 'getelementptr' 'input_r_addr_16' <Predicate = (icmp_ln21)> <Delay = 0.00>
ST_1 : Operation 22 [2/2] (1.29ns)   --->   "%input_r_load = load i10 %input_r_addr" [cnn.cpp:23]   --->   Operation 22 'load' 'input_r_load' <Predicate = (icmp_ln21)> <Delay = 1.29> <CoreInst = "RAM">   --->   Core 83 'RAM' <Latency = 1> <II = 1> <Delay = 1.29> <Storage> <Opcode : 'load' 'store'> <Ports = 2> <Width = 16> <Depth = 784> <RAM>
ST_1 : Operation 23 [2/2] (1.29ns)   --->   "%input_r_load_16 = load i10 %input_r_addr_16" [cnn.cpp:23]   --->   Operation 23 'load' 'input_r_load_16' <Predicate = (icmp_ln21)> <Delay = 1.29> <CoreInst = "RAM">   --->   Core 83 'RAM' <Latency = 1> <II = 1> <Delay = 1.29> <Storage> <Opcode : 'load' 'store'> <Ports = 2> <Width = 16> <Depth = 784> <RAM>
ST_1 : Operation 24 [1/1] (0.89ns)   --->   "%switch_ln23 = switch i5 %j, void %arrayidx1114.18.1.case.28, i5 0, void %arrayidx1114.18.1.case.2, i5 2, void %arrayidx1114.18.1.case.4, i5 4, void %arrayidx1114.18.1.case.6, i5 6, void %arrayidx1114.18.1.case.8, i5 8, void %arrayidx1114.18.1.case.10, i5 10, void %arrayidx1114.18.1.case.12, i5 12, void %arrayidx1114.18.1.case.14, i5 14, void %arrayidx1114.18.1.case.16, i5 16, void %arrayidx1114.18.1.case.18, i5 18, void %arrayidx1114.18.1.case.20, i5 20, void %arrayidx1114.18.1.case.22, i5 22, void %arrayidx1114.18.1.case.24, i5 24, void %arrayidx1114.18.1.case.26" [cnn.cpp:23]   --->   Operation 24 'switch' 'switch_ln23' <Predicate = (icmp_ln21)> <Delay = 0.89>
ST_1 : Operation 25 [1/1] (0.46ns)   --->   "%store_ln21 = store i5 %add_ln21, i5 %j_18" [cnn.cpp:21]   --->   Operation 25 'store' 'store_ln21' <Predicate = (icmp_ln21)> <Delay = 0.46>
ST_1 : Operation 26 [1/1] (0.00ns)   --->   "%br_ln21 = br void %for.inc.18" [cnn.cpp:21]   --->   Operation 26 'br' 'br_ln21' <Predicate = (icmp_ln21)> <Delay = 0.00>
ST_1 : Operation 102 [1/1] (0.00ns)   --->   "%ret_ln0 = ret"   --->   Operation 102 'ret' 'ret_ln0' <Predicate = (!icmp_ln21)> <Delay = 0.00>

State 2 <SV = 1> <Delay = 2.02>
ST_2 : Operation 27 [1/1] (0.00ns)   --->   "%local_input_31_addr = getelementptr i16 %local_input_31, i64 0, i64 6" [cnn.cpp:21]   --->   Operation 27 'getelementptr' 'local_input_31_addr' <Predicate = true> <Delay = 0.00>
ST_2 : Operation 28 [1/1] (0.00ns)   --->   "%local_input_32_addr = getelementptr i16 %local_input_32, i64 0, i64 6" [cnn.cpp:21]   --->   Operation 28 'getelementptr' 'local_input_32_addr' <Predicate = true> <Delay = 0.00>
ST_2 : Operation 29 [1/1] (0.00ns)   --->   "%local_input_33_addr = getelementptr i16 %local_input_33, i64 0, i64 6" [cnn.cpp:21]   --->   Operation 29 'getelementptr' 'local_input_33_addr' <Predicate = true> <Delay = 0.00>
ST_2 : Operation 30 [1/1] (0.00ns)   --->   "%local_input_34_addr = getelementptr i16 %local_input_34, i64 0, i64 6" [cnn.cpp:21]   --->   Operation 30 'getelementptr' 'local_input_34_addr' <Predicate = true> <Delay = 0.00>
ST_2 : Operation 31 [1/1] (0.00ns)   --->   "%local_input_35_addr = getelementptr i16 %local_input_35, i64 0, i64 6" [cnn.cpp:21]   --->   Operation 31 'getelementptr' 'local_input_35_addr' <Predicate = true> <Delay = 0.00>
ST_2 : Operation 32 [1/1] (0.00ns)   --->   "%local_input_36_addr = getelementptr i16 %local_input_36, i64 0, i64 6" [cnn.cpp:21]   --->   Operation 32 'getelementptr' 'local_input_36_addr' <Predicate = true> <Delay = 0.00>
ST_2 : Operation 33 [1/1] (0.00ns)   --->   "%local_input_37_addr = getelementptr i16 %local_input_37, i64 0, i64 6" [cnn.cpp:21]   --->   Operation 33 'getelementptr' 'local_input_37_addr' <Predicate = true> <Delay = 0.00>
ST_2 : Operation 34 [1/1] (0.00ns)   --->   "%local_input_38_addr = getelementptr i16 %local_input_38, i64 0, i64 6" [cnn.cpp:21]   --->   Operation 34 'getelementptr' 'local_input_38_addr' <Predicate = true> <Delay = 0.00>
ST_2 : Operation 35 [1/1] (0.00ns)   --->   "%local_input_39_addr = getelementptr i16 %local_input_39, i64 0, i64 6" [cnn.cpp:21]   --->   Operation 35 'getelementptr' 'local_input_39_addr' <Predicate = true> <Delay = 0.00>
ST_2 : Operation 36 [1/1] (0.00ns)   --->   "%local_input_40_addr = getelementptr i16 %local_input_40, i64 0, i64 6" [cnn.cpp:21]   --->   Operation 36 'getelementptr' 'local_input_40_addr' <Predicate = true> <Delay = 0.00>
ST_2 : Operation 37 [1/1] (0.00ns)   --->   "%local_input_41_addr = getelementptr i16 %local_input_41, i64 0, i64 6" [cnn.cpp:21]   --->   Operation 37 'getelementptr' 'local_input_41_addr' <Predicate = true> <Delay = 0.00>
ST_2 : Operation 38 [1/1] (0.00ns)   --->   "%local_input_42_addr = getelementptr i16 %local_input_42, i64 0, i64 6" [cnn.cpp:21]   --->   Operation 38 'getelementptr' 'local_input_42_addr' <Predicate = true> <Delay = 0.00>
ST_2 : Operation 39 [1/1] (0.00ns)   --->   "%local_input_43_addr = getelementptr i16 %local_input_43, i64 0, i64 6" [cnn.cpp:21]   --->   Operation 39 'getelementptr' 'local_input_43_addr' <Predicate = true> <Delay = 0.00>
ST_2 : Operation 40 [1/1] (0.00ns)   --->   "%local_input_44_addr = getelementptr i16 %local_input_44, i64 0, i64 6" [cnn.cpp:21]   --->   Operation 40 'getelementptr' 'local_input_44_addr' <Predicate = true> <Delay = 0.00>
ST_2 : Operation 41 [1/1] (0.00ns)   --->   "%local_input_45_addr = getelementptr i16 %local_input_45, i64 0, i64 6" [cnn.cpp:21]   --->   Operation 41 'getelementptr' 'local_input_45_addr' <Predicate = true> <Delay = 0.00>
ST_2 : Operation 42 [1/1] (0.00ns)   --->   "%local_input_46_addr = getelementptr i16 %local_input_46, i64 0, i64 6" [cnn.cpp:21]   --->   Operation 42 'getelementptr' 'local_input_46_addr' <Predicate = true> <Delay = 0.00>
ST_2 : Operation 43 [1/1] (0.00ns)   --->   "%local_input_47_addr = getelementptr i16 %local_input_47, i64 0, i64 6" [cnn.cpp:21]   --->   Operation 43 'getelementptr' 'local_input_47_addr' <Predicate = true> <Delay = 0.00>
ST_2 : Operation 44 [1/1] (0.00ns)   --->   "%local_input_48_addr = getelementptr i16 %local_input_48, i64 0, i64 6" [cnn.cpp:21]   --->   Operation 44 'getelementptr' 'local_input_48_addr' <Predicate = true> <Delay = 0.00>
ST_2 : Operation 45 [1/1] (0.00ns)   --->   "%local_input_49_addr = getelementptr i16 %local_input_49, i64 0, i64 6" [cnn.cpp:21]   --->   Operation 45 'getelementptr' 'local_input_49_addr' <Predicate = true> <Delay = 0.00>
ST_2 : Operation 46 [1/1] (0.00ns)   --->   "%local_input_50_addr = getelementptr i16 %local_input_50, i64 0, i64 6" [cnn.cpp:21]   --->   Operation 46 'getelementptr' 'local_input_50_addr' <Predicate = true> <Delay = 0.00>
ST_2 : Operation 47 [1/1] (0.00ns)   --->   "%local_input_51_addr = getelementptr i16 %local_input_51, i64 0, i64 6" [cnn.cpp:21]   --->   Operation 47 'getelementptr' 'local_input_51_addr' <Predicate = true> <Delay = 0.00>
ST_2 : Operation 48 [1/1] (0.00ns)   --->   "%local_input_52_addr = getelementptr i16 %local_input_52, i64 0, i64 6" [cnn.cpp:21]   --->   Operation 48 'getelementptr' 'local_input_52_addr' <Predicate = true> <Delay = 0.00>
ST_2 : Operation 49 [1/1] (0.00ns)   --->   "%local_input_53_addr = getelementptr i16 %local_input_53, i64 0, i64 6" [cnn.cpp:21]   --->   Operation 49 'getelementptr' 'local_input_53_addr' <Predicate = true> <Delay = 0.00>
ST_2 : Operation 50 [1/1] (0.00ns)   --->   "%local_input_54_addr = getelementptr i16 %local_input_54, i64 0, i64 6" [cnn.cpp:21]   --->   Operation 50 'getelementptr' 'local_input_54_addr' <Predicate = true> <Delay = 0.00>
ST_2 : Operation 51 [1/1] (0.00ns)   --->   "%local_input_55_addr = getelementptr i16 %local_input_55, i64 0, i64 6" [cnn.cpp:21]   --->   Operation 51 'getelementptr' 'local_input_55_addr' <Predicate = true> <Delay = 0.00>
ST_2 : Operation 52 [1/1] (0.00ns)   --->   "%local_input_56_addr = getelementptr i16 %local_input_56, i64 0, i64 6" [cnn.cpp:21]   --->   Operation 52 'getelementptr' 'local_input_56_addr' <Predicate = true> <Delay = 0.00>
ST_2 : Operation 53 [1/1] (0.00ns)   --->   "%local_input_57_addr = getelementptr i16 %local_input_57, i64 0, i64 6" [cnn.cpp:21]   --->   Operation 53 'getelementptr' 'local_input_57_addr' <Predicate = true> <Delay = 0.00>
ST_2 : Operation 54 [1/1] (0.00ns)   --->   "%local_input_58_addr = getelementptr i16 %local_input_58, i64 0, i64 6" [cnn.cpp:21]   --->   Operation 54 'getelementptr' 'local_input_58_addr' <Predicate = true> <Delay = 0.00>
ST_2 : Operation 55 [1/1] (0.00ns)   --->   "%specpipeline_ln21 = specpipeline void @_ssdm_op_SpecPipeline, i32 4294967295, i32 0, i32 0, i32 0, void @empty_0" [cnn.cpp:21]   --->   Operation 55 'specpipeline' 'specpipeline_ln21' <Predicate = true> <Delay = 0.00>
ST_2 : Operation 56 [1/1] (0.00ns)   --->   "%speclooptripcount_ln21 = speclooptripcount void @_ssdm_op_SpecLoopTripCount, i64 14, i64 14, i64 14" [cnn.cpp:21]   --->   Operation 56 'speclooptripcount' 'speclooptripcount_ln21' <Predicate = true> <Delay = 0.00>
ST_2 : Operation 57 [1/1] (0.00ns)   --->   "%specloopname_ln21 = specloopname void @_ssdm_op_SpecLoopName, void @empty_5" [cnn.cpp:21]   --->   Operation 57 'specloopname' 'specloopname_ln21' <Predicate = true> <Delay = 0.00>
ST_2 : Operation 58 [1/2] (1.29ns)   --->   "%input_r_load = load i10 %input_r_addr" [cnn.cpp:23]   --->   Operation 58 'load' 'input_r_load' <Predicate = true> <Delay = 1.29> <CoreInst = "RAM">   --->   Core 83 'RAM' <Latency = 1> <II = 1> <Delay = 1.29> <Storage> <Opcode : 'load' 'store'> <Ports = 2> <Width = 16> <Depth = 784> <RAM>
ST_2 : Operation 59 [1/2] (1.29ns)   --->   "%input_r_load_16 = load i10 %input_r_addr_16" [cnn.cpp:23]   --->   Operation 59 'load' 'input_r_load_16' <Predicate = true> <Delay = 1.29> <CoreInst = "RAM">   --->   Core 83 'RAM' <Latency = 1> <II = 1> <Delay = 1.29> <Storage> <Opcode : 'load' 'store'> <Ports = 2> <Width = 16> <Depth = 784> <RAM>
ST_2 : Operation 60 [1/1] (0.73ns)   --->   "%store_ln23 = store i16 %input_r_load, i4 %local_input_55_addr" [cnn.cpp:23]   --->   Operation 60 'store' 'store_ln23' <Predicate = (j == 24)> <Delay = 0.73> <CoreInst = "RAM">   --->   Core 83 'RAM' <Latency = 1> <II = 1> <Delay = 0.73> <Storage> <Opcode : 'load' 'store'> <Ports = 2> <Width = 16> <Depth = 10> <RAM>
ST_2 : Operation 61 [1/1] (0.73ns)   --->   "%store_ln23 = store i16 %input_r_load_16, i4 %local_input_56_addr" [cnn.cpp:23]   --->   Operation 61 'store' 'store_ln23' <Predicate = (j == 24)> <Delay = 0.73> <CoreInst = "RAM">   --->   Core 83 'RAM' <Latency = 1> <II = 1> <Delay = 0.73> <Storage> <Opcode : 'load' 'store'> <Ports = 2> <Width = 16> <Depth = 10> <RAM>
ST_2 : Operation 62 [1/1] (0.00ns)   --->   "%br_ln23 = br void %arrayidx1114.18.1.exit" [cnn.cpp:23]   --->   Operation 62 'br' 'br_ln23' <Predicate = (j == 24)> <Delay = 0.00>
ST_2 : Operation 63 [1/1] (0.73ns)   --->   "%store_ln23 = store i16 %input_r_load, i4 %local_input_53_addr" [cnn.cpp:23]   --->   Operation 63 'store' 'store_ln23' <Predicate = (j == 22)> <Delay = 0.73> <CoreInst = "RAM">   --->   Core 83 'RAM' <Latency = 1> <II = 1> <Delay = 0.73> <Storage> <Opcode : 'load' 'store'> <Ports = 2> <Width = 16> <Depth = 10> <RAM>
ST_2 : Operation 64 [1/1] (0.73ns)   --->   "%store_ln23 = store i16 %input_r_load_16, i4 %local_input_54_addr" [cnn.cpp:23]   --->   Operation 64 'store' 'store_ln23' <Predicate = (j == 22)> <Delay = 0.73> <CoreInst = "RAM">   --->   Core 83 'RAM' <Latency = 1> <II = 1> <Delay = 0.73> <Storage> <Opcode : 'load' 'store'> <Ports = 2> <Width = 16> <Depth = 10> <RAM>
ST_2 : Operation 65 [1/1] (0.00ns)   --->   "%br_ln23 = br void %arrayidx1114.18.1.exit" [cnn.cpp:23]   --->   Operation 65 'br' 'br_ln23' <Predicate = (j == 22)> <Delay = 0.00>
ST_2 : Operation 66 [1/1] (0.73ns)   --->   "%store_ln23 = store i16 %input_r_load, i4 %local_input_51_addr" [cnn.cpp:23]   --->   Operation 66 'store' 'store_ln23' <Predicate = (j == 20)> <Delay = 0.73> <CoreInst = "RAM">   --->   Core 83 'RAM' <Latency = 1> <II = 1> <Delay = 0.73> <Storage> <Opcode : 'load' 'store'> <Ports = 2> <Width = 16> <Depth = 10> <RAM>
ST_2 : Operation 67 [1/1] (0.73ns)   --->   "%store_ln23 = store i16 %input_r_load_16, i4 %local_input_52_addr" [cnn.cpp:23]   --->   Operation 67 'store' 'store_ln23' <Predicate = (j == 20)> <Delay = 0.73> <CoreInst = "RAM">   --->   Core 83 'RAM' <Latency = 1> <II = 1> <Delay = 0.73> <Storage> <Opcode : 'load' 'store'> <Ports = 2> <Width = 16> <Depth = 10> <RAM>
ST_2 : Operation 68 [1/1] (0.00ns)   --->   "%br_ln23 = br void %arrayidx1114.18.1.exit" [cnn.cpp:23]   --->   Operation 68 'br' 'br_ln23' <Predicate = (j == 20)> <Delay = 0.00>
ST_2 : Operation 69 [1/1] (0.73ns)   --->   "%store_ln23 = store i16 %input_r_load, i4 %local_input_49_addr" [cnn.cpp:23]   --->   Operation 69 'store' 'store_ln23' <Predicate = (j == 18)> <Delay = 0.73> <CoreInst = "RAM">   --->   Core 83 'RAM' <Latency = 1> <II = 1> <Delay = 0.73> <Storage> <Opcode : 'load' 'store'> <Ports = 2> <Width = 16> <Depth = 10> <RAM>
ST_2 : Operation 70 [1/1] (0.73ns)   --->   "%store_ln23 = store i16 %input_r_load_16, i4 %local_input_50_addr" [cnn.cpp:23]   --->   Operation 70 'store' 'store_ln23' <Predicate = (j == 18)> <Delay = 0.73> <CoreInst = "RAM">   --->   Core 83 'RAM' <Latency = 1> <II = 1> <Delay = 0.73> <Storage> <Opcode : 'load' 'store'> <Ports = 2> <Width = 16> <Depth = 10> <RAM>
ST_2 : Operation 71 [1/1] (0.00ns)   --->   "%br_ln23 = br void %arrayidx1114.18.1.exit" [cnn.cpp:23]   --->   Operation 71 'br' 'br_ln23' <Predicate = (j == 18)> <Delay = 0.00>
ST_2 : Operation 72 [1/1] (0.73ns)   --->   "%store_ln23 = store i16 %input_r_load, i4 %local_input_47_addr" [cnn.cpp:23]   --->   Operation 72 'store' 'store_ln23' <Predicate = (j == 16)> <Delay = 0.73> <CoreInst = "RAM">   --->   Core 83 'RAM' <Latency = 1> <II = 1> <Delay = 0.73> <Storage> <Opcode : 'load' 'store'> <Ports = 2> <Width = 16> <Depth = 10> <RAM>
ST_2 : Operation 73 [1/1] (0.73ns)   --->   "%store_ln23 = store i16 %input_r_load_16, i4 %local_input_48_addr" [cnn.cpp:23]   --->   Operation 73 'store' 'store_ln23' <Predicate = (j == 16)> <Delay = 0.73> <CoreInst = "RAM">   --->   Core 83 'RAM' <Latency = 1> <II = 1> <Delay = 0.73> <Storage> <Opcode : 'load' 'store'> <Ports = 2> <Width = 16> <Depth = 10> <RAM>
ST_2 : Operation 74 [1/1] (0.00ns)   --->   "%br_ln23 = br void %arrayidx1114.18.1.exit" [cnn.cpp:23]   --->   Operation 74 'br' 'br_ln23' <Predicate = (j == 16)> <Delay = 0.00>
ST_2 : Operation 75 [1/1] (0.73ns)   --->   "%store_ln23 = store i16 %input_r_load, i4 %local_input_45_addr" [cnn.cpp:23]   --->   Operation 75 'store' 'store_ln23' <Predicate = (j == 14)> <Delay = 0.73> <CoreInst = "RAM">   --->   Core 83 'RAM' <Latency = 1> <II = 1> <Delay = 0.73> <Storage> <Opcode : 'load' 'store'> <Ports = 2> <Width = 16> <Depth = 10> <RAM>
ST_2 : Operation 76 [1/1] (0.73ns)   --->   "%store_ln23 = store i16 %input_r_load_16, i4 %local_input_46_addr" [cnn.cpp:23]   --->   Operation 76 'store' 'store_ln23' <Predicate = (j == 14)> <Delay = 0.73> <CoreInst = "RAM">   --->   Core 83 'RAM' <Latency = 1> <II = 1> <Delay = 0.73> <Storage> <Opcode : 'load' 'store'> <Ports = 2> <Width = 16> <Depth = 10> <RAM>
ST_2 : Operation 77 [1/1] (0.00ns)   --->   "%br_ln23 = br void %arrayidx1114.18.1.exit" [cnn.cpp:23]   --->   Operation 77 'br' 'br_ln23' <Predicate = (j == 14)> <Delay = 0.00>
ST_2 : Operation 78 [1/1] (0.73ns)   --->   "%store_ln23 = store i16 %input_r_load, i4 %local_input_43_addr" [cnn.cpp:23]   --->   Operation 78 'store' 'store_ln23' <Predicate = (j == 12)> <Delay = 0.73> <CoreInst = "RAM">   --->   Core 83 'RAM' <Latency = 1> <II = 1> <Delay = 0.73> <Storage> <Opcode : 'load' 'store'> <Ports = 2> <Width = 16> <Depth = 10> <RAM>
ST_2 : Operation 79 [1/1] (0.73ns)   --->   "%store_ln23 = store i16 %input_r_load_16, i4 %local_input_44_addr" [cnn.cpp:23]   --->   Operation 79 'store' 'store_ln23' <Predicate = (j == 12)> <Delay = 0.73> <CoreInst = "RAM">   --->   Core 83 'RAM' <Latency = 1> <II = 1> <Delay = 0.73> <Storage> <Opcode : 'load' 'store'> <Ports = 2> <Width = 16> <Depth = 10> <RAM>
ST_2 : Operation 80 [1/1] (0.00ns)   --->   "%br_ln23 = br void %arrayidx1114.18.1.exit" [cnn.cpp:23]   --->   Operation 80 'br' 'br_ln23' <Predicate = (j == 12)> <Delay = 0.00>
ST_2 : Operation 81 [1/1] (0.73ns)   --->   "%store_ln23 = store i16 %input_r_load, i4 %local_input_41_addr" [cnn.cpp:23]   --->   Operation 81 'store' 'store_ln23' <Predicate = (j == 10)> <Delay = 0.73> <CoreInst = "RAM">   --->   Core 83 'RAM' <Latency = 1> <II = 1> <Delay = 0.73> <Storage> <Opcode : 'load' 'store'> <Ports = 2> <Width = 16> <Depth = 10> <RAM>
ST_2 : Operation 82 [1/1] (0.73ns)   --->   "%store_ln23 = store i16 %input_r_load_16, i4 %local_input_42_addr" [cnn.cpp:23]   --->   Operation 82 'store' 'store_ln23' <Predicate = (j == 10)> <Delay = 0.73> <CoreInst = "RAM">   --->   Core 83 'RAM' <Latency = 1> <II = 1> <Delay = 0.73> <Storage> <Opcode : 'load' 'store'> <Ports = 2> <Width = 16> <Depth = 10> <RAM>
ST_2 : Operation 83 [1/1] (0.00ns)   --->   "%br_ln23 = br void %arrayidx1114.18.1.exit" [cnn.cpp:23]   --->   Operation 83 'br' 'br_ln23' <Predicate = (j == 10)> <Delay = 0.00>
ST_2 : Operation 84 [1/1] (0.73ns)   --->   "%store_ln23 = store i16 %input_r_load, i4 %local_input_39_addr" [cnn.cpp:23]   --->   Operation 84 'store' 'store_ln23' <Predicate = (j == 8)> <Delay = 0.73> <CoreInst = "RAM">   --->   Core 83 'RAM' <Latency = 1> <II = 1> <Delay = 0.73> <Storage> <Opcode : 'load' 'store'> <Ports = 2> <Width = 16> <Depth = 10> <RAM>
ST_2 : Operation 85 [1/1] (0.73ns)   --->   "%store_ln23 = store i16 %input_r_load_16, i4 %local_input_40_addr" [cnn.cpp:23]   --->   Operation 85 'store' 'store_ln23' <Predicate = (j == 8)> <Delay = 0.73> <CoreInst = "RAM">   --->   Core 83 'RAM' <Latency = 1> <II = 1> <Delay = 0.73> <Storage> <Opcode : 'load' 'store'> <Ports = 2> <Width = 16> <Depth = 10> <RAM>
ST_2 : Operation 86 [1/1] (0.00ns)   --->   "%br_ln23 = br void %arrayidx1114.18.1.exit" [cnn.cpp:23]   --->   Operation 86 'br' 'br_ln23' <Predicate = (j == 8)> <Delay = 0.00>
ST_2 : Operation 87 [1/1] (0.73ns)   --->   "%store_ln23 = store i16 %input_r_load, i4 %local_input_37_addr" [cnn.cpp:23]   --->   Operation 87 'store' 'store_ln23' <Predicate = (j == 6)> <Delay = 0.73> <CoreInst = "RAM">   --->   Core 83 'RAM' <Latency = 1> <II = 1> <Delay = 0.73> <Storage> <Opcode : 'load' 'store'> <Ports = 2> <Width = 16> <Depth = 10> <RAM>
ST_2 : Operation 88 [1/1] (0.73ns)   --->   "%store_ln23 = store i16 %input_r_load_16, i4 %local_input_38_addr" [cnn.cpp:23]   --->   Operation 88 'store' 'store_ln23' <Predicate = (j == 6)> <Delay = 0.73> <CoreInst = "RAM">   --->   Core 83 'RAM' <Latency = 1> <II = 1> <Delay = 0.73> <Storage> <Opcode : 'load' 'store'> <Ports = 2> <Width = 16> <Depth = 10> <RAM>
ST_2 : Operation 89 [1/1] (0.00ns)   --->   "%br_ln23 = br void %arrayidx1114.18.1.exit" [cnn.cpp:23]   --->   Operation 89 'br' 'br_ln23' <Predicate = (j == 6)> <Delay = 0.00>
ST_2 : Operation 90 [1/1] (0.73ns)   --->   "%store_ln23 = store i16 %input_r_load, i4 %local_input_35_addr" [cnn.cpp:23]   --->   Operation 90 'store' 'store_ln23' <Predicate = (j == 4)> <Delay = 0.73> <CoreInst = "RAM">   --->   Core 83 'RAM' <Latency = 1> <II = 1> <Delay = 0.73> <Storage> <Opcode : 'load' 'store'> <Ports = 2> <Width = 16> <Depth = 10> <RAM>
ST_2 : Operation 91 [1/1] (0.73ns)   --->   "%store_ln23 = store i16 %input_r_load_16, i4 %local_input_36_addr" [cnn.cpp:23]   --->   Operation 91 'store' 'store_ln23' <Predicate = (j == 4)> <Delay = 0.73> <CoreInst = "RAM">   --->   Core 83 'RAM' <Latency = 1> <II = 1> <Delay = 0.73> <Storage> <Opcode : 'load' 'store'> <Ports = 2> <Width = 16> <Depth = 10> <RAM>
ST_2 : Operation 92 [1/1] (0.00ns)   --->   "%br_ln23 = br void %arrayidx1114.18.1.exit" [cnn.cpp:23]   --->   Operation 92 'br' 'br_ln23' <Predicate = (j == 4)> <Delay = 0.00>
ST_2 : Operation 93 [1/1] (0.73ns)   --->   "%store_ln23 = store i16 %input_r_load, i4 %local_input_33_addr" [cnn.cpp:23]   --->   Operation 93 'store' 'store_ln23' <Predicate = (j == 2)> <Delay = 0.73> <CoreInst = "RAM">   --->   Core 83 'RAM' <Latency = 1> <II = 1> <Delay = 0.73> <Storage> <Opcode : 'load' 'store'> <Ports = 2> <Width = 16> <Depth = 10> <RAM>
ST_2 : Operation 94 [1/1] (0.73ns)   --->   "%store_ln23 = store i16 %input_r_load_16, i4 %local_input_34_addr" [cnn.cpp:23]   --->   Operation 94 'store' 'store_ln23' <Predicate = (j == 2)> <Delay = 0.73> <CoreInst = "RAM">   --->   Core 83 'RAM' <Latency = 1> <II = 1> <Delay = 0.73> <Storage> <Opcode : 'load' 'store'> <Ports = 2> <Width = 16> <Depth = 10> <RAM>
ST_2 : Operation 95 [1/1] (0.00ns)   --->   "%br_ln23 = br void %arrayidx1114.18.1.exit" [cnn.cpp:23]   --->   Operation 95 'br' 'br_ln23' <Predicate = (j == 2)> <Delay = 0.00>
ST_2 : Operation 96 [1/1] (0.73ns)   --->   "%store_ln23 = store i16 %input_r_load, i4 %local_input_31_addr" [cnn.cpp:23]   --->   Operation 96 'store' 'store_ln23' <Predicate = (j == 0)> <Delay = 0.73> <CoreInst = "RAM">   --->   Core 83 'RAM' <Latency = 1> <II = 1> <Delay = 0.73> <Storage> <Opcode : 'load' 'store'> <Ports = 2> <Width = 16> <Depth = 10> <RAM>
ST_2 : Operation 97 [1/1] (0.73ns)   --->   "%store_ln23 = store i16 %input_r_load_16, i4 %local_input_32_addr" [cnn.cpp:23]   --->   Operation 97 'store' 'store_ln23' <Predicate = (j == 0)> <Delay = 0.73> <CoreInst = "RAM">   --->   Core 83 'RAM' <Latency = 1> <II = 1> <Delay = 0.73> <Storage> <Opcode : 'load' 'store'> <Ports = 2> <Width = 16> <Depth = 10> <RAM>
ST_2 : Operation 98 [1/1] (0.00ns)   --->   "%br_ln23 = br void %arrayidx1114.18.1.exit" [cnn.cpp:23]   --->   Operation 98 'br' 'br_ln23' <Predicate = (j == 0)> <Delay = 0.00>
ST_2 : Operation 99 [1/1] (0.73ns)   --->   "%store_ln23 = store i16 %input_r_load, i4 %local_input_57_addr" [cnn.cpp:23]   --->   Operation 99 'store' 'store_ln23' <Predicate = (j != 0 & j != 2 & j != 4 & j != 6 & j != 8 & j != 10 & j != 12 & j != 14 & j != 16 & j != 18 & j != 20 & j != 22 & j != 24)> <Delay = 0.73> <CoreInst = "RAM">   --->   Core 83 'RAM' <Latency = 1> <II = 1> <Delay = 0.73> <Storage> <Opcode : 'load' 'store'> <Ports = 2> <Width = 16> <Depth = 10> <RAM>
ST_2 : Operation 100 [1/1] (0.73ns)   --->   "%store_ln23 = store i16 %input_r_load_16, i4 %local_input_58_addr" [cnn.cpp:23]   --->   Operation 100 'store' 'store_ln23' <Predicate = (j != 0 & j != 2 & j != 4 & j != 6 & j != 8 & j != 10 & j != 12 & j != 14 & j != 16 & j != 18 & j != 20 & j != 22 & j != 24)> <Delay = 0.73> <CoreInst = "RAM">   --->   Core 83 'RAM' <Latency = 1> <II = 1> <Delay = 0.73> <Storage> <Opcode : 'load' 'store'> <Ports = 2> <Width = 16> <Depth = 10> <RAM>
ST_2 : Operation 101 [1/1] (0.00ns)   --->   "%br_ln23 = br void %arrayidx1114.18.1.exit" [cnn.cpp:23]   --->   Operation 101 'br' 'br_ln23' <Predicate = (j != 0 & j != 2 & j != 4 & j != 6 & j != 8 & j != 10 & j != 12 & j != 14 & j != 16 & j != 18 & j != 20 & j != 22 & j != 24)> <Delay = 0.00>


============================================================
+ Verbose Summary: Binding
============================================================
STG Binding: 
---------------- STG Properties BEGIN ----------------
- Is combinational: 0
- Is one-state seq: 0
- Is datapath-only: 0
- Is pipelined: 0
- Is top level: 0
Port [ Return ] is wired: 1; IO mode=ap_ctrl_hs:ce=0
Port [ local_input_31]:  wired=1; compound=1; hidden=0; nouse=0; global=0; static=0; extern=0; dir=1; type=1; pingpong=0; private_global=0; MemPort=[03]; IO mode=ap_memory:ce=0
Port [ local_input_32]:  wired=1; compound=1; hidden=0; nouse=0; global=0; static=0; extern=0; dir=1; type=1; pingpong=0; private_global=0; MemPort=[03]; IO mode=ap_memory:ce=0
Port [ local_input_33]:  wired=1; compound=1; hidden=0; nouse=0; global=0; static=0; extern=0; dir=1; type=1; pingpong=0; private_global=0; MemPort=[03]; IO mode=ap_memory:ce=0
Port [ local_input_34]:  wired=1; compound=1; hidden=0; nouse=0; global=0; static=0; extern=0; dir=1; type=1; pingpong=0; private_global=0; MemPort=[03]; IO mode=ap_memory:ce=0
Port [ local_input_35]:  wired=1; compound=1; hidden=0; nouse=0; global=0; static=0; extern=0; dir=1; type=1; pingpong=0; private_global=0; MemPort=[03]; IO mode=ap_memory:ce=0
Port [ local_input_36]:  wired=1; compound=1; hidden=0; nouse=0; global=0; static=0; extern=0; dir=1; type=1; pingpong=0; private_global=0; MemPort=[03]; IO mode=ap_memory:ce=0
Port [ local_input_37]:  wired=1; compound=1; hidden=0; nouse=0; global=0; static=0; extern=0; dir=1; type=1; pingpong=0; private_global=0; MemPort=[03]; IO mode=ap_memory:ce=0
Port [ local_input_38]:  wired=1; compound=1; hidden=0; nouse=0; global=0; static=0; extern=0; dir=1; type=1; pingpong=0; private_global=0; MemPort=[03]; IO mode=ap_memory:ce=0
Port [ local_input_39]:  wired=1; compound=1; hidden=0; nouse=0; global=0; static=0; extern=0; dir=1; type=1; pingpong=0; private_global=0; MemPort=[03]; IO mode=ap_memory:ce=0
Port [ local_input_40]:  wired=1; compound=1; hidden=0; nouse=0; global=0; static=0; extern=0; dir=1; type=1; pingpong=0; private_global=0; MemPort=[03]; IO mode=ap_memory:ce=0
Port [ local_input_41]:  wired=1; compound=1; hidden=0; nouse=0; global=0; static=0; extern=0; dir=1; type=1; pingpong=0; private_global=0; MemPort=[03]; IO mode=ap_memory:ce=0
Port [ local_input_42]:  wired=1; compound=1; hidden=0; nouse=0; global=0; static=0; extern=0; dir=1; type=1; pingpong=0; private_global=0; MemPort=[03]; IO mode=ap_memory:ce=0
Port [ local_input_43]:  wired=1; compound=1; hidden=0; nouse=0; global=0; static=0; extern=0; dir=1; type=1; pingpong=0; private_global=0; MemPort=[03]; IO mode=ap_memory:ce=0
Port [ local_input_44]:  wired=1; compound=1; hidden=0; nouse=0; global=0; static=0; extern=0; dir=1; type=1; pingpong=0; private_global=0; MemPort=[03]; IO mode=ap_memory:ce=0
Port [ local_input_45]:  wired=1; compound=1; hidden=0; nouse=0; global=0; static=0; extern=0; dir=1; type=1; pingpong=0; private_global=0; MemPort=[03]; IO mode=ap_memory:ce=0
Port [ local_input_46]:  wired=1; compound=1; hidden=0; nouse=0; global=0; static=0; extern=0; dir=1; type=1; pingpong=0; private_global=0; MemPort=[03]; IO mode=ap_memory:ce=0
Port [ local_input_47]:  wired=1; compound=1; hidden=0; nouse=0; global=0; static=0; extern=0; dir=1; type=1; pingpong=0; private_global=0; MemPort=[03]; IO mode=ap_memory:ce=0
Port [ local_input_48]:  wired=1; compound=1; hidden=0; nouse=0; global=0; static=0; extern=0; dir=1; type=1; pingpong=0; private_global=0; MemPort=[03]; IO mode=ap_memory:ce=0
Port [ local_input_49]:  wired=1; compound=1; hidden=0; nouse=0; global=0; static=0; extern=0; dir=1; type=1; pingpong=0; private_global=0; MemPort=[03]; IO mode=ap_memory:ce=0
Port [ local_input_50]:  wired=1; compound=1; hidden=0; nouse=0; global=0; static=0; extern=0; dir=1; type=1; pingpong=0; private_global=0; MemPort=[03]; IO mode=ap_memory:ce=0
Port [ local_input_51]:  wired=1; compound=1; hidden=0; nouse=0; global=0; static=0; extern=0; dir=1; type=1; pingpong=0; private_global=0; MemPort=[03]; IO mode=ap_memory:ce=0
Port [ local_input_52]:  wired=1; compound=1; hidden=0; nouse=0; global=0; static=0; extern=0; dir=1; type=1; pingpong=0; private_global=0; MemPort=[03]; IO mode=ap_memory:ce=0
Port [ local_input_53]:  wired=1; compound=1; hidden=0; nouse=0; global=0; static=0; extern=0; dir=1; type=1; pingpong=0; private_global=0; MemPort=[03]; IO mode=ap_memory:ce=0
Port [ local_input_54]:  wired=1; compound=1; hidden=0; nouse=0; global=0; static=0; extern=0; dir=1; type=1; pingpong=0; private_global=0; MemPort=[03]; IO mode=ap_memory:ce=0
Port [ local_input_55]:  wired=1; compound=1; hidden=0; nouse=0; global=0; static=0; extern=0; dir=1; type=1; pingpong=0; private_global=0; MemPort=[03]; IO mode=ap_memory:ce=0
Port [ local_input_56]:  wired=1; compound=1; hidden=0; nouse=0; global=0; static=0; extern=0; dir=1; type=1; pingpong=0; private_global=0; MemPort=[03]; IO mode=ap_memory:ce=0
Port [ local_input_57]:  wired=1; compound=1; hidden=0; nouse=0; global=0; static=0; extern=0; dir=1; type=1; pingpong=0; private_global=0; MemPort=[03]; IO mode=ap_memory:ce=0
Port [ local_input_58]:  wired=1; compound=1; hidden=0; nouse=0; global=0; static=0; extern=0; dir=1; type=1; pingpong=0; private_global=0; MemPort=[03]; IO mode=ap_memory:ce=0
Port [ input_r]:  wired=1; compound=1; hidden=0; nouse=0; global=0; static=0; extern=0; dir=0; type=1; pingpong=0; private_global=0; MemPort=[11]; IO mode=ap_memory:ce=0
---------------- STG Properties END ------------------

---------------- Datapath Model BEGIN ----------------

<LifeTime>
<method=bitvector/>
j_18                   (alloca           ) [ 010]
specinterface_ln0      (specinterface    ) [ 000]
store_ln21             (store            ) [ 000]
br_ln0                 (br               ) [ 000]
j                      (load             ) [ 011]
icmp_ln21              (icmp             ) [ 010]
br_ln21                (br               ) [ 000]
zext_ln23              (zext             ) [ 000]
add_ln23               (add              ) [ 000]
zext_ln23_48           (zext             ) [ 000]
input_r_addr           (getelementptr    ) [ 011]
add_ln21               (add              ) [ 000]
or_ln21                (or               ) [ 000]
zext_ln23_49           (zext             ) [ 000]
add_ln23_14            (add              ) [ 000]
zext_ln23_50           (zext             ) [ 000]
input_r_addr_16        (getelementptr    ) [ 011]
switch_ln23            (switch           ) [ 000]
store_ln21             (store            ) [ 000]
br_ln21                (br               ) [ 000]
local_input_31_addr    (getelementptr    ) [ 000]
local_input_32_addr    (getelementptr    ) [ 000]
local_input_33_addr    (getelementptr    ) [ 000]
local_input_34_addr    (getelementptr    ) [ 000]
local_input_35_addr    (getelementptr    ) [ 000]
local_input_36_addr    (getelementptr    ) [ 000]
local_input_37_addr    (getelementptr    ) [ 000]
local_input_38_addr    (getelementptr    ) [ 000]
local_input_39_addr    (getelementptr    ) [ 000]
local_input_40_addr    (getelementptr    ) [ 000]
local_input_41_addr    (getelementptr    ) [ 000]
local_input_42_addr    (getelementptr    ) [ 000]
local_input_43_addr    (getelementptr    ) [ 000]
local_input_44_addr    (getelementptr    ) [ 000]
local_input_45_addr    (getelementptr    ) [ 000]
local_input_46_addr    (getelementptr    ) [ 000]
local_input_47_addr    (getelementptr    ) [ 000]
local_input_48_addr    (getelementptr    ) [ 000]
local_input_49_addr    (getelementptr    ) [ 000]
local_input_50_addr    (getelementptr    ) [ 000]
local_input_51_addr    (getelementptr    ) [ 000]
local_input_52_addr    (getelementptr    ) [ 000]
local_input_53_addr    (getelementptr    ) [ 000]
local_input_54_addr    (getelementptr    ) [ 000]
local_input_55_addr    (getelementptr    ) [ 000]
local_input_56_addr    (getelementptr    ) [ 000]
local_input_57_addr    (getelementptr    ) [ 000]
local_input_58_addr    (getelementptr    ) [ 000]
specpipeline_ln21      (specpipeline     ) [ 000]
speclooptripcount_ln21 (speclooptripcount) [ 000]
specloopname_ln21      (specloopname     ) [ 000]
input_r_load           (load             ) [ 000]
input_r_load_16        (load             ) [ 000]
store_ln23             (store            ) [ 000]
store_ln23             (store            ) [ 000]
br_ln23                (br               ) [ 000]
store_ln23             (store            ) [ 000]
store_ln23             (store            ) [ 000]
br_ln23                (br               ) [ 000]
store_ln23             (store            ) [ 000]
store_ln23             (store            ) [ 000]
br_ln23                (br               ) [ 000]
store_ln23             (store            ) [ 000]
store_ln23             (store            ) [ 000]
br_ln23                (br               ) [ 000]
store_ln23             (store            ) [ 000]
store_ln23             (store            ) [ 000]
br_ln23                (br               ) [ 000]
store_ln23             (store            ) [ 000]
store_ln23             (store            ) [ 000]
br_ln23                (br               ) [ 000]
store_ln23             (store            ) [ 000]
store_ln23             (store            ) [ 000]
br_ln23                (br               ) [ 000]
store_ln23             (store            ) [ 000]
store_ln23             (store            ) [ 000]
br_ln23                (br               ) [ 000]
store_ln23             (store            ) [ 000]
store_ln23             (store            ) [ 000]
br_ln23                (br               ) [ 000]
store_ln23             (store            ) [ 000]
store_ln23             (store            ) [ 000]
br_ln23                (br               ) [ 000]
store_ln23             (store            ) [ 000]
store_ln23             (store            ) [ 000]
br_ln23                (br               ) [ 000]
store_ln23             (store            ) [ 000]
store_ln23             (store            ) [ 000]
br_ln23                (br               ) [ 000]
store_ln23             (store            ) [ 000]
store_ln23             (store            ) [ 000]
br_ln23                (br               ) [ 000]
store_ln23             (store            ) [ 000]
store_ln23             (store            ) [ 000]
br_ln23                (br               ) [ 000]
ret_ln0                (ret              ) [ 000]
</LifeTime>

<model>

<comp_list>
<comp id="0" class="1000" name="local_input_31">
<pin_list>
<pin id="1" dir="1" index="0" bw="1" slack="0"/>
</pin_list>
<bind>
<StgValue><ssdm name="local_input_31"/><MemPortTyVec>0 3 </MemPortTyVec>
</StgValue>
</bind>
</comp>

<comp id="2" class="1000" name="local_input_32">
<pin_list>
<pin id="3" dir="1" index="0" bw="1" slack="0"/>
</pin_list>
<bind>
<StgValue><ssdm name="local_input_32"/><MemPortTyVec>0 3 </MemPortTyVec>
</StgValue>
</bind>
</comp>

<comp id="4" class="1000" name="local_input_33">
<pin_list>
<pin id="5" dir="1" index="0" bw="1" slack="0"/>
</pin_list>
<bind>
<StgValue><ssdm name="local_input_33"/><MemPortTyVec>0 3 </MemPortTyVec>
</StgValue>
</bind>
</comp>

<comp id="6" class="1000" name="local_input_34">
<pin_list>
<pin id="7" dir="1" index="0" bw="1" slack="0"/>
</pin_list>
<bind>
<StgValue><ssdm name="local_input_34"/><MemPortTyVec>0 3 </MemPortTyVec>
</StgValue>
</bind>
</comp>

<comp id="8" class="1000" name="local_input_35">
<pin_list>
<pin id="9" dir="1" index="0" bw="1" slack="0"/>
</pin_list>
<bind>
<StgValue><ssdm name="local_input_35"/><MemPortTyVec>0 3 </MemPortTyVec>
</StgValue>
</bind>
</comp>

<comp id="10" class="1000" name="local_input_36">
<pin_list>
<pin id="11" dir="1" index="0" bw="1" slack="0"/>
</pin_list>
<bind>
<StgValue><ssdm name="local_input_36"/><MemPortTyVec>0 3 </MemPortTyVec>
</StgValue>
</bind>
</comp>

<comp id="12" class="1000" name="local_input_37">
<pin_list>
<pin id="13" dir="1" index="0" bw="1" slack="0"/>
</pin_list>
<bind>
<StgValue><ssdm name="local_input_37"/><MemPortTyVec>0 3 </MemPortTyVec>
</StgValue>
</bind>
</comp>

<comp id="14" class="1000" name="local_input_38">
<pin_list>
<pin id="15" dir="1" index="0" bw="1" slack="0"/>
</pin_list>
<bind>
<StgValue><ssdm name="local_input_38"/><MemPortTyVec>0 3 </MemPortTyVec>
</StgValue>
</bind>
</comp>

<comp id="16" class="1000" name="local_input_39">
<pin_list>
<pin id="17" dir="1" index="0" bw="1" slack="0"/>
</pin_list>
<bind>
<StgValue><ssdm name="local_input_39"/><MemPortTyVec>0 3 </MemPortTyVec>
</StgValue>
</bind>
</comp>

<comp id="18" class="1000" name="local_input_40">
<pin_list>
<pin id="19" dir="1" index="0" bw="1" slack="0"/>
</pin_list>
<bind>
<StgValue><ssdm name="local_input_40"/><MemPortTyVec>0 3 </MemPortTyVec>
</StgValue>
</bind>
</comp>

<comp id="20" class="1000" name="local_input_41">
<pin_list>
<pin id="21" dir="1" index="0" bw="1" slack="0"/>
</pin_list>
<bind>
<StgValue><ssdm name="local_input_41"/><MemPortTyVec>0 3 </MemPortTyVec>
</StgValue>
</bind>
</comp>

<comp id="22" class="1000" name="local_input_42">
<pin_list>
<pin id="23" dir="1" index="0" bw="1" slack="0"/>
</pin_list>
<bind>
<StgValue><ssdm name="local_input_42"/><MemPortTyVec>0 3 </MemPortTyVec>
</StgValue>
</bind>
</comp>

<comp id="24" class="1000" name="local_input_43">
<pin_list>
<pin id="25" dir="1" index="0" bw="1" slack="0"/>
</pin_list>
<bind>
<StgValue><ssdm name="local_input_43"/><MemPortTyVec>0 3 </MemPortTyVec>
</StgValue>
</bind>
</comp>

<comp id="26" class="1000" name="local_input_44">
<pin_list>
<pin id="27" dir="1" index="0" bw="1" slack="0"/>
</pin_list>
<bind>
<StgValue><ssdm name="local_input_44"/><MemPortTyVec>0 3 </MemPortTyVec>
</StgValue>
</bind>
</comp>

<comp id="28" class="1000" name="local_input_45">
<pin_list>
<pin id="29" dir="1" index="0" bw="1" slack="0"/>
</pin_list>
<bind>
<StgValue><ssdm name="local_input_45"/><MemPortTyVec>0 3 </MemPortTyVec>
</StgValue>
</bind>
</comp>

<comp id="30" class="1000" name="local_input_46">
<pin_list>
<pin id="31" dir="1" index="0" bw="1" slack="0"/>
</pin_list>
<bind>
<StgValue><ssdm name="local_input_46"/><MemPortTyVec>0 3 </MemPortTyVec>
</StgValue>
</bind>
</comp>

<comp id="32" class="1000" name="local_input_47">
<pin_list>
<pin id="33" dir="1" index="0" bw="1" slack="0"/>
</pin_list>
<bind>
<StgValue><ssdm name="local_input_47"/><MemPortTyVec>0 3 </MemPortTyVec>
</StgValue>
</bind>
</comp>

<comp id="34" class="1000" name="local_input_48">
<pin_list>
<pin id="35" dir="1" index="0" bw="1" slack="0"/>
</pin_list>
<bind>
<StgValue><ssdm name="local_input_48"/><MemPortTyVec>0 3 </MemPortTyVec>
</StgValue>
</bind>
</comp>

<comp id="36" class="1000" name="local_input_49">
<pin_list>
<pin id="37" dir="1" index="0" bw="1" slack="0"/>
</pin_list>
<bind>
<StgValue><ssdm name="local_input_49"/><MemPortTyVec>0 3 </MemPortTyVec>
</StgValue>
</bind>
</comp>

<comp id="38" class="1000" name="local_input_50">
<pin_list>
<pin id="39" dir="1" index="0" bw="1" slack="0"/>
</pin_list>
<bind>
<StgValue><ssdm name="local_input_50"/><MemPortTyVec>0 3 </MemPortTyVec>
</StgValue>
</bind>
</comp>

<comp id="40" class="1000" name="local_input_51">
<pin_list>
<pin id="41" dir="1" index="0" bw="1" slack="0"/>
</pin_list>
<bind>
<StgValue><ssdm name="local_input_51"/><MemPortTyVec>0 3 </MemPortTyVec>
</StgValue>
</bind>
</comp>

<comp id="42" class="1000" name="local_input_52">
<pin_list>
<pin id="43" dir="1" index="0" bw="1" slack="0"/>
</pin_list>
<bind>
<StgValue><ssdm name="local_input_52"/><MemPortTyVec>0 3 </MemPortTyVec>
</StgValue>
</bind>
</comp>

<comp id="44" class="1000" name="local_input_53">
<pin_list>
<pin id="45" dir="1" index="0" bw="1" slack="0"/>
</pin_list>
<bind>
<StgValue><ssdm name="local_input_53"/><MemPortTyVec>0 3 </MemPortTyVec>
</StgValue>
</bind>
</comp>

<comp id="46" class="1000" name="local_input_54">
<pin_list>
<pin id="47" dir="1" index="0" bw="1" slack="0"/>
</pin_list>
<bind>
<StgValue><ssdm name="local_input_54"/><MemPortTyVec>0 3 </MemPortTyVec>
</StgValue>
</bind>
</comp>

<comp id="48" class="1000" name="local_input_55">
<pin_list>
<pin id="49" dir="1" index="0" bw="1" slack="0"/>
</pin_list>
<bind>
<StgValue><ssdm name="local_input_55"/><MemPortTyVec>0 3 </MemPortTyVec>
</StgValue>
</bind>
</comp>

<comp id="50" class="1000" name="local_input_56">
<pin_list>
<pin id="51" dir="1" index="0" bw="1" slack="0"/>
</pin_list>
<bind>
<StgValue><ssdm name="local_input_56"/><MemPortTyVec>0 3 </MemPortTyVec>
</StgValue>
</bind>
</comp>

<comp id="52" class="1000" name="local_input_57">
<pin_list>
<pin id="53" dir="1" index="0" bw="1" slack="0"/>
</pin_list>
<bind>
<StgValue><ssdm name="local_input_57"/><MemPortTyVec>0 3 </MemPortTyVec>
</StgValue>
</bind>
</comp>

<comp id="54" class="1000" name="local_input_58">
<pin_list>
<pin id="55" dir="1" index="0" bw="1" slack="0"/>
</pin_list>
<bind>
<StgValue><ssdm name="local_input_58"/><MemPortTyVec>0 3 </MemPortTyVec>
</StgValue>
</bind>
</comp>

<comp id="56" class="1000" name="input_r">
<pin_list>
<pin id="57" dir="1" index="0" bw="1" slack="0"/>
</pin_list>
<bind>
<StgValue><ssdm name="input_r"/><MemPortTyVec>1 1 </MemPortTyVec>
</StgValue>
</bind>
</comp>

<comp id="58" class="1001" name="const_58">
<pin_list>
<pin id="59" dir="1" index="0" bw="1" slack="0"/>
</pin_list>
<bind>
<StgValue><ssdm name=""/></StgValue>
</bind>
</comp>

<comp id="60" class="1001" name="const_60">
<pin_list>
<pin id="61" dir="1" index="0" bw="1" slack="2147483647"/>
</pin_list>
<bind>
<StgValue><ssdm name="_ssdm_op_SpecInterface"/></StgValue>
</bind>
</comp>

<comp id="62" class="1001" name="const_62">
<pin_list>
<pin id="63" dir="1" index="0" bw="1" slack="2147483647"/>
</pin_list>
<bind>
<StgValue><ssdm name="empty"/></StgValue>
</bind>
</comp>

<comp id="64" class="1001" name="const_64">
<pin_list>
<pin id="65" dir="1" index="0" bw="1" slack="2147483647"/>
</pin_list>
<bind>
<StgValue><ssdm name=""/></StgValue>
</bind>
</comp>

<comp id="66" class="1001" name="const_66">
<pin_list>
<pin id="67" dir="1" index="0" bw="1" slack="2147483647"/>
</pin_list>
<bind>
<StgValue><ssdm name="empty_0"/></StgValue>
</bind>
</comp>

<comp id="68" class="1001" name="const_68">
<pin_list>
<pin id="69" dir="1" index="0" bw="1" slack="2147483647"/>
</pin_list>
<bind>
<StgValue><ssdm name=""/></StgValue>
</bind>
</comp>

<comp id="70" class="1001" name="const_70">
<pin_list>
<pin id="71" dir="1" index="0" bw="1" slack="0"/>
</pin_list>
<bind>
<StgValue><ssdm name=""/></StgValue>
</bind>
</comp>

<comp id="72" class="1001" name="const_72">
<pin_list>
<pin id="73" dir="1" index="0" bw="1" slack="0"/>
</pin_list>
<bind>
<StgValue><ssdm name=""/></StgValue>
</bind>
</comp>

<comp id="74" class="1001" name="const_74">
<pin_list>
<pin id="75" dir="1" index="0" bw="1" slack="0"/>
</pin_list>
<bind>
<StgValue><ssdm name=""/></StgValue>
</bind>
</comp>

<comp id="76" class="1001" name="const_76">
<pin_list>
<pin id="77" dir="1" index="0" bw="1" slack="0"/>
</pin_list>
<bind>
<StgValue><ssdm name=""/></StgValue>
</bind>
</comp>

<comp id="78" class="1001" name="const_78">
<pin_list>
<pin id="79" dir="1" index="0" bw="1" slack="0"/>
</pin_list>
<bind>
<StgValue><ssdm name=""/></StgValue>
</bind>
</comp>

<comp id="80" class="1001" name="const_80">
<pin_list>
<pin id="81" dir="1" index="0" bw="1" slack="0"/>
</pin_list>
<bind>
<StgValue><ssdm name=""/></StgValue>
</bind>
</comp>

<comp id="82" class="1001" name="const_82">
<pin_list>
<pin id="83" dir="1" index="0" bw="1" slack="2147483647"/>
</pin_list>
<bind>
<StgValue><ssdm name=""/></StgValue>
</bind>
</comp>

<comp id="84" class="1001" name="const_84">
<pin_list>
<pin id="85" dir="1" index="0" bw="1" slack="2147483647"/>
</pin_list>
<bind>
<StgValue><ssdm name=""/></StgValue>
</bind>
</comp>

<comp id="86" class="1001" name="const_86">
<pin_list>
<pin id="87" dir="1" index="0" bw="1" slack="2147483647"/>
</pin_list>
<bind>
<StgValue><ssdm name=""/></StgValue>
</bind>
</comp>

<comp id="88" class="1001" name="const_88">
<pin_list>
<pin id="89" dir="1" index="0" bw="1" slack="2147483647"/>
</pin_list>
<bind>
<StgValue><ssdm name=""/></StgValue>
</bind>
</comp>

<comp id="90" class="1001" name="const_90">
<pin_list>
<pin id="91" dir="1" index="0" bw="1" slack="2147483647"/>
</pin_list>
<bind>
<StgValue><ssdm name=""/></StgValue>
</bind>
</comp>

<comp id="92" class="1001" name="const_92">
<pin_list>
<pin id="93" dir="1" index="0" bw="1" slack="2147483647"/>
</pin_list>
<bind>
<StgValue><ssdm name=""/></StgValue>
</bind>
</comp>

<comp id="94" class="1001" name="const_94">
<pin_list>
<pin id="95" dir="1" index="0" bw="1" slack="2147483647"/>
</pin_list>
<bind>
<StgValue><ssdm name=""/></StgValue>
</bind>
</comp>

<comp id="96" class="1001" name="const_96">
<pin_list>
<pin id="97" dir="1" index="0" bw="1" slack="2147483647"/>
</pin_list>
<bind>
<StgValue><ssdm name=""/></StgValue>
</bind>
</comp>

<comp id="98" class="1001" name="const_98">
<pin_list>
<pin id="99" dir="1" index="0" bw="1" slack="2147483647"/>
</pin_list>
<bind>
<StgValue><ssdm name=""/></StgValue>
</bind>
</comp>

<comp id="100" class="1001" name="const_100">
<pin_list>
<pin id="101" dir="1" index="0" bw="1" slack="2147483647"/>
</pin_list>
<bind>
<StgValue><ssdm name=""/></StgValue>
</bind>
</comp>

<comp id="102" class="1001" name="const_102">
<pin_list>
<pin id="103" dir="1" index="0" bw="1" slack="2147483647"/>
</pin_list>
<bind>
<StgValue><ssdm name=""/></StgValue>
</bind>
</comp>

<comp id="104" class="1001" name="const_104">
<pin_list>
<pin id="105" dir="1" index="0" bw="1" slack="0"/>
</pin_list>
<bind>
<StgValue><ssdm name=""/></StgValue>
</bind>
</comp>

<comp id="106" class="1001" name="const_106">
<pin_list>
<pin id="107" dir="1" index="0" bw="1" slack="2147483647"/>
</pin_list>
<bind>
<StgValue><ssdm name="_ssdm_op_SpecPipeline"/></StgValue>
</bind>
</comp>

<comp id="108" class="1001" name="const_108">
<pin_list>
<pin id="109" dir="1" index="0" bw="1" slack="2147483647"/>
</pin_list>
<bind>
<StgValue><ssdm name="_ssdm_op_SpecLoopTripCount"/></StgValue>
</bind>
</comp>

<comp id="110" class="1001" name="const_110">
<pin_list>
<pin id="111" dir="1" index="0" bw="1" slack="2147483647"/>
</pin_list>
<bind>
<StgValue><ssdm name=""/></StgValue>
</bind>
</comp>

<comp id="112" class="1001" name="const_112">
<pin_list>
<pin id="113" dir="1" index="0" bw="1" slack="2147483647"/>
</pin_list>
<bind>
<StgValue><ssdm name="_ssdm_op_SpecLoopName"/></StgValue>
</bind>
</comp>

<comp id="114" class="1001" name="const_114">
<pin_list>
<pin id="115" dir="1" index="0" bw="1" slack="2147483647"/>
</pin_list>
<bind>
<StgValue><ssdm name="empty_5"/></StgValue>
</bind>
</comp>

<comp id="116" class="1004" name="j_18_fu_116">
<pin_list>
<pin id="117" dir="0" index="0" bw="1" slack="0"/>
<pin id="118" dir="1" index="1" bw="5" slack="0"/>
</pin_list>
<bind>
<opcode="alloca(26) " fcode="alloca"/>
<opset="j_18/1 "/>
</bind>
</comp>

<comp id="120" class="1004" name="input_r_addr_gep_fu_120">
<pin_list>
<pin id="121" dir="0" index="0" bw="16" slack="0"/>
<pin id="122" dir="0" index="1" bw="1" slack="0"/>
<pin id="123" dir="0" index="2" bw="10" slack="0"/>
<pin id="124" dir="1" index="3" bw="10" slack="0"/>
</pin_list>
<bind>
<opcode="getelementptr(29) " fcode="getelementptr"/>
<opset="input_r_addr/1 "/>
</bind>
</comp>

<comp id="127" class="1004" name="input_r_addr_16_gep_fu_127">
<pin_list>
<pin id="128" dir="0" index="0" bw="16" slack="0"/>
<pin id="129" dir="0" index="1" bw="1" slack="0"/>
<pin id="130" dir="0" index="2" bw="10" slack="0"/>
<pin id="131" dir="1" index="3" bw="10" slack="0"/>
</pin_list>
<bind>
<opcode="getelementptr(29) " fcode="getelementptr"/>
<opset="input_r_addr_16/1 "/>
</bind>
</comp>

<comp id="134" class="1004" name="grp_access_fu_134">
<pin_list>
<pin id="135" dir="0" index="0" bw="10" slack="0"/>
<pin id="136" dir="0" index="1" bw="16" slack="2147483647"/>
<pin id="137" dir="0" index="2" bw="0" slack="0"/>
<pin id="139" dir="0" index="4" bw="10" slack="2147483647"/>
<pin id="140" dir="0" index="5" bw="16" slack="2147483647"/>
<pin id="141" dir="0" index="6" bw="0" slack="2147483647"/>
<pin id="138" dir="1" index="3" bw="16" slack="0"/>
<pin id="142" dir="1" index="7" bw="16" slack="0"/>
</pin_list>
<bind>
<opcode="load(27) " fcode="load"/>
<opset="input_r_load/1 input_r_load_16/1 "/>
</bind>
</comp>

<comp id="145" class="1004" name="local_input_31_addr_gep_fu_145">
<pin_list>
<pin id="146" dir="0" index="0" bw="16" slack="0"/>
<pin id="147" dir="0" index="1" bw="1" slack="0"/>
<pin id="148" dir="0" index="2" bw="4" slack="0"/>
<pin id="149" dir="1" index="3" bw="4" slack="0"/>
</pin_list>
<bind>
<opcode="getelementptr(29) " fcode="getelementptr"/>
<opset="local_input_31_addr/2 "/>
</bind>
</comp>

<comp id="153" class="1004" name="local_input_32_addr_gep_fu_153">
<pin_list>
<pin id="154" dir="0" index="0" bw="16" slack="0"/>
<pin id="155" dir="0" index="1" bw="1" slack="0"/>
<pin id="156" dir="0" index="2" bw="4" slack="0"/>
<pin id="157" dir="1" index="3" bw="4" slack="0"/>
</pin_list>
<bind>
<opcode="getelementptr(29) " fcode="getelementptr"/>
<opset="local_input_32_addr/2 "/>
</bind>
</comp>

<comp id="161" class="1004" name="local_input_33_addr_gep_fu_161">
<pin_list>
<pin id="162" dir="0" index="0" bw="16" slack="0"/>
<pin id="163" dir="0" index="1" bw="1" slack="0"/>
<pin id="164" dir="0" index="2" bw="4" slack="0"/>
<pin id="165" dir="1" index="3" bw="4" slack="0"/>
</pin_list>
<bind>
<opcode="getelementptr(29) " fcode="getelementptr"/>
<opset="local_input_33_addr/2 "/>
</bind>
</comp>

<comp id="169" class="1004" name="local_input_34_addr_gep_fu_169">
<pin_list>
<pin id="170" dir="0" index="0" bw="16" slack="0"/>
<pin id="171" dir="0" index="1" bw="1" slack="0"/>
<pin id="172" dir="0" index="2" bw="4" slack="0"/>
<pin id="173" dir="1" index="3" bw="4" slack="0"/>
</pin_list>
<bind>
<opcode="getelementptr(29) " fcode="getelementptr"/>
<opset="local_input_34_addr/2 "/>
</bind>
</comp>

<comp id="177" class="1004" name="local_input_35_addr_gep_fu_177">
<pin_list>
<pin id="178" dir="0" index="0" bw="16" slack="0"/>
<pin id="179" dir="0" index="1" bw="1" slack="0"/>
<pin id="180" dir="0" index="2" bw="4" slack="0"/>
<pin id="181" dir="1" index="3" bw="4" slack="0"/>
</pin_list>
<bind>
<opcode="getelementptr(29) " fcode="getelementptr"/>
<opset="local_input_35_addr/2 "/>
</bind>
</comp>

<comp id="185" class="1004" name="local_input_36_addr_gep_fu_185">
<pin_list>
<pin id="186" dir="0" index="0" bw="16" slack="0"/>
<pin id="187" dir="0" index="1" bw="1" slack="0"/>
<pin id="188" dir="0" index="2" bw="4" slack="0"/>
<pin id="189" dir="1" index="3" bw="4" slack="0"/>
</pin_list>
<bind>
<opcode="getelementptr(29) " fcode="getelementptr"/>
<opset="local_input_36_addr/2 "/>
</bind>
</comp>

<comp id="193" class="1004" name="local_input_37_addr_gep_fu_193">
<pin_list>
<pin id="194" dir="0" index="0" bw="16" slack="0"/>
<pin id="195" dir="0" index="1" bw="1" slack="0"/>
<pin id="196" dir="0" index="2" bw="4" slack="0"/>
<pin id="197" dir="1" index="3" bw="4" slack="0"/>
</pin_list>
<bind>
<opcode="getelementptr(29) " fcode="getelementptr"/>
<opset="local_input_37_addr/2 "/>
</bind>
</comp>

<comp id="201" class="1004" name="local_input_38_addr_gep_fu_201">
<pin_list>
<pin id="202" dir="0" index="0" bw="16" slack="0"/>
<pin id="203" dir="0" index="1" bw="1" slack="0"/>
<pin id="204" dir="0" index="2" bw="4" slack="0"/>
<pin id="205" dir="1" index="3" bw="4" slack="0"/>
</pin_list>
<bind>
<opcode="getelementptr(29) " fcode="getelementptr"/>
<opset="local_input_38_addr/2 "/>
</bind>
</comp>

<comp id="209" class="1004" name="local_input_39_addr_gep_fu_209">
<pin_list>
<pin id="210" dir="0" index="0" bw="16" slack="0"/>
<pin id="211" dir="0" index="1" bw="1" slack="0"/>
<pin id="212" dir="0" index="2" bw="4" slack="0"/>
<pin id="213" dir="1" index="3" bw="4" slack="0"/>
</pin_list>
<bind>
<opcode="getelementptr(29) " fcode="getelementptr"/>
<opset="local_input_39_addr/2 "/>
</bind>
</comp>

<comp id="217" class="1004" name="local_input_40_addr_gep_fu_217">
<pin_list>
<pin id="218" dir="0" index="0" bw="16" slack="0"/>
<pin id="219" dir="0" index="1" bw="1" slack="0"/>
<pin id="220" dir="0" index="2" bw="4" slack="0"/>
<pin id="221" dir="1" index="3" bw="4" slack="0"/>
</pin_list>
<bind>
<opcode="getelementptr(29) " fcode="getelementptr"/>
<opset="local_input_40_addr/2 "/>
</bind>
</comp>

<comp id="225" class="1004" name="local_input_41_addr_gep_fu_225">
<pin_list>
<pin id="226" dir="0" index="0" bw="16" slack="0"/>
<pin id="227" dir="0" index="1" bw="1" slack="0"/>
<pin id="228" dir="0" index="2" bw="4" slack="0"/>
<pin id="229" dir="1" index="3" bw="4" slack="0"/>
</pin_list>
<bind>
<opcode="getelementptr(29) " fcode="getelementptr"/>
<opset="local_input_41_addr/2 "/>
</bind>
</comp>

<comp id="233" class="1004" name="local_input_42_addr_gep_fu_233">
<pin_list>
<pin id="234" dir="0" index="0" bw="16" slack="0"/>
<pin id="235" dir="0" index="1" bw="1" slack="0"/>
<pin id="236" dir="0" index="2" bw="4" slack="0"/>
<pin id="237" dir="1" index="3" bw="4" slack="0"/>
</pin_list>
<bind>
<opcode="getelementptr(29) " fcode="getelementptr"/>
<opset="local_input_42_addr/2 "/>
</bind>
</comp>

<comp id="241" class="1004" name="local_input_43_addr_gep_fu_241">
<pin_list>
<pin id="242" dir="0" index="0" bw="16" slack="0"/>
<pin id="243" dir="0" index="1" bw="1" slack="0"/>
<pin id="244" dir="0" index="2" bw="4" slack="0"/>
<pin id="245" dir="1" index="3" bw="4" slack="0"/>
</pin_list>
<bind>
<opcode="getelementptr(29) " fcode="getelementptr"/>
<opset="local_input_43_addr/2 "/>
</bind>
</comp>

<comp id="249" class="1004" name="local_input_44_addr_gep_fu_249">
<pin_list>
<pin id="250" dir="0" index="0" bw="16" slack="0"/>
<pin id="251" dir="0" index="1" bw="1" slack="0"/>
<pin id="252" dir="0" index="2" bw="4" slack="0"/>
<pin id="253" dir="1" index="3" bw="4" slack="0"/>
</pin_list>
<bind>
<opcode="getelementptr(29) " fcode="getelementptr"/>
<opset="local_input_44_addr/2 "/>
</bind>
</comp>

<comp id="257" class="1004" name="local_input_45_addr_gep_fu_257">
<pin_list>
<pin id="258" dir="0" index="0" bw="16" slack="0"/>
<pin id="259" dir="0" index="1" bw="1" slack="0"/>
<pin id="260" dir="0" index="2" bw="4" slack="0"/>
<pin id="261" dir="1" index="3" bw="4" slack="0"/>
</pin_list>
<bind>
<opcode="getelementptr(29) " fcode="getelementptr"/>
<opset="local_input_45_addr/2 "/>
</bind>
</comp>

<comp id="265" class="1004" name="local_input_46_addr_gep_fu_265">
<pin_list>
<pin id="266" dir="0" index="0" bw="16" slack="0"/>
<pin id="267" dir="0" index="1" bw="1" slack="0"/>
<pin id="268" dir="0" index="2" bw="4" slack="0"/>
<pin id="269" dir="1" index="3" bw="4" slack="0"/>
</pin_list>
<bind>
<opcode="getelementptr(29) " fcode="getelementptr"/>
<opset="local_input_46_addr/2 "/>
</bind>
</comp>

<comp id="273" class="1004" name="local_input_47_addr_gep_fu_273">
<pin_list>
<pin id="274" dir="0" index="0" bw="16" slack="0"/>
<pin id="275" dir="0" index="1" bw="1" slack="0"/>
<pin id="276" dir="0" index="2" bw="4" slack="0"/>
<pin id="277" dir="1" index="3" bw="4" slack="0"/>
</pin_list>
<bind>
<opcode="getelementptr(29) " fcode="getelementptr"/>
<opset="local_input_47_addr/2 "/>
</bind>
</comp>

<comp id="281" class="1004" name="local_input_48_addr_gep_fu_281">
<pin_list>
<pin id="282" dir="0" index="0" bw="16" slack="0"/>
<pin id="283" dir="0" index="1" bw="1" slack="0"/>
<pin id="284" dir="0" index="2" bw="4" slack="0"/>
<pin id="285" dir="1" index="3" bw="4" slack="0"/>
</pin_list>
<bind>
<opcode="getelementptr(29) " fcode="getelementptr"/>
<opset="local_input_48_addr/2 "/>
</bind>
</comp>

<comp id="289" class="1004" name="local_input_49_addr_gep_fu_289">
<pin_list>
<pin id="290" dir="0" index="0" bw="16" slack="0"/>
<pin id="291" dir="0" index="1" bw="1" slack="0"/>
<pin id="292" dir="0" index="2" bw="4" slack="0"/>
<pin id="293" dir="1" index="3" bw="4" slack="0"/>
</pin_list>
<bind>
<opcode="getelementptr(29) " fcode="getelementptr"/>
<opset="local_input_49_addr/2 "/>
</bind>
</comp>

<comp id="297" class="1004" name="local_input_50_addr_gep_fu_297">
<pin_list>
<pin id="298" dir="0" index="0" bw="16" slack="0"/>
<pin id="299" dir="0" index="1" bw="1" slack="0"/>
<pin id="300" dir="0" index="2" bw="4" slack="0"/>
<pin id="301" dir="1" index="3" bw="4" slack="0"/>
</pin_list>
<bind>
<opcode="getelementptr(29) " fcode="getelementptr"/>
<opset="local_input_50_addr/2 "/>
</bind>
</comp>

<comp id="305" class="1004" name="local_input_51_addr_gep_fu_305">
<pin_list>
<pin id="306" dir="0" index="0" bw="16" slack="0"/>
<pin id="307" dir="0" index="1" bw="1" slack="0"/>
<pin id="308" dir="0" index="2" bw="4" slack="0"/>
<pin id="309" dir="1" index="3" bw="4" slack="0"/>
</pin_list>
<bind>
<opcode="getelementptr(29) " fcode="getelementptr"/>
<opset="local_input_51_addr/2 "/>
</bind>
</comp>

<comp id="313" class="1004" name="local_input_52_addr_gep_fu_313">
<pin_list>
<pin id="314" dir="0" index="0" bw="16" slack="0"/>
<pin id="315" dir="0" index="1" bw="1" slack="0"/>
<pin id="316" dir="0" index="2" bw="4" slack="0"/>
<pin id="317" dir="1" index="3" bw="4" slack="0"/>
</pin_list>
<bind>
<opcode="getelementptr(29) " fcode="getelementptr"/>
<opset="local_input_52_addr/2 "/>
</bind>
</comp>

<comp id="321" class="1004" name="local_input_53_addr_gep_fu_321">
<pin_list>
<pin id="322" dir="0" index="0" bw="16" slack="0"/>
<pin id="323" dir="0" index="1" bw="1" slack="0"/>
<pin id="324" dir="0" index="2" bw="4" slack="0"/>
<pin id="325" dir="1" index="3" bw="4" slack="0"/>
</pin_list>
<bind>
<opcode="getelementptr(29) " fcode="getelementptr"/>
<opset="local_input_53_addr/2 "/>
</bind>
</comp>

<comp id="329" class="1004" name="local_input_54_addr_gep_fu_329">
<pin_list>
<pin id="330" dir="0" index="0" bw="16" slack="0"/>
<pin id="331" dir="0" index="1" bw="1" slack="0"/>
<pin id="332" dir="0" index="2" bw="4" slack="0"/>
<pin id="333" dir="1" index="3" bw="4" slack="0"/>
</pin_list>
<bind>
<opcode="getelementptr(29) " fcode="getelementptr"/>
<opset="local_input_54_addr/2 "/>
</bind>
</comp>

<comp id="337" class="1004" name="local_input_55_addr_gep_fu_337">
<pin_list>
<pin id="338" dir="0" index="0" bw="16" slack="0"/>
<pin id="339" dir="0" index="1" bw="1" slack="0"/>
<pin id="340" dir="0" index="2" bw="4" slack="0"/>
<pin id="341" dir="1" index="3" bw="4" slack="0"/>
</pin_list>
<bind>
<opcode="getelementptr(29) " fcode="getelementptr"/>
<opset="local_input_55_addr/2 "/>
</bind>
</comp>

<comp id="345" class="1004" name="local_input_56_addr_gep_fu_345">
<pin_list>
<pin id="346" dir="0" index="0" bw="16" slack="0"/>
<pin id="347" dir="0" index="1" bw="1" slack="0"/>
<pin id="348" dir="0" index="2" bw="4" slack="0"/>
<pin id="349" dir="1" index="3" bw="4" slack="0"/>
</pin_list>
<bind>
<opcode="getelementptr(29) " fcode="getelementptr"/>
<opset="local_input_56_addr/2 "/>
</bind>
</comp>

<comp id="353" class="1004" name="local_input_57_addr_gep_fu_353">
<pin_list>
<pin id="354" dir="0" index="0" bw="16" slack="0"/>
<pin id="355" dir="0" index="1" bw="1" slack="0"/>
<pin id="356" dir="0" index="2" bw="4" slack="0"/>
<pin id="357" dir="1" index="3" bw="4" slack="0"/>
</pin_list>
<bind>
<opcode="getelementptr(29) " fcode="getelementptr"/>
<opset="local_input_57_addr/2 "/>
</bind>
</comp>

<comp id="361" class="1004" name="local_input_58_addr_gep_fu_361">
<pin_list>
<pin id="362" dir="0" index="0" bw="16" slack="0"/>
<pin id="363" dir="0" index="1" bw="1" slack="0"/>
<pin id="364" dir="0" index="2" bw="4" slack="0"/>
<pin id="365" dir="1" index="3" bw="4" slack="0"/>
</pin_list>
<bind>
<opcode="getelementptr(29) " fcode="getelementptr"/>
<opset="local_input_58_addr/2 "/>
</bind>
</comp>

<comp id="369" class="1004" name="store_ln23_access_fu_369">
<pin_list>
<pin id="370" dir="0" index="0" bw="4" slack="0"/>
<pin id="371" dir="0" index="1" bw="16" slack="0"/>
<pin id="372" dir="0" index="2" bw="0" slack="2147483647"/>
<pin id="373" dir="1" index="3" bw="16" slack="2147483647"/>
</pin_list>
<bind>
<opcode="store(28) " fcode="store"/>
<opset="store_ln23/2 "/>
</bind>
</comp>

<comp id="376" class="1004" name="store_ln23_access_fu_376">
<pin_list>
<pin id="377" dir="0" index="0" bw="4" slack="0"/>
<pin id="378" dir="0" index="1" bw="16" slack="0"/>
<pin id="379" dir="0" index="2" bw="0" slack="2147483647"/>
<pin id="380" dir="1" index="3" bw="16" slack="2147483647"/>
</pin_list>
<bind>
<opcode="store(28) " fcode="store"/>
<opset="store_ln23/2 "/>
</bind>
</comp>

<comp id="383" class="1004" name="store_ln23_access_fu_383">
<pin_list>
<pin id="384" dir="0" index="0" bw="4" slack="0"/>
<pin id="385" dir="0" index="1" bw="16" slack="0"/>
<pin id="386" dir="0" index="2" bw="0" slack="2147483647"/>
<pin id="387" dir="1" index="3" bw="16" slack="2147483647"/>
</pin_list>
<bind>
<opcode="store(28) " fcode="store"/>
<opset="store_ln23/2 "/>
</bind>
</comp>

<comp id="390" class="1004" name="store_ln23_access_fu_390">
<pin_list>
<pin id="391" dir="0" index="0" bw="4" slack="0"/>
<pin id="392" dir="0" index="1" bw="16" slack="0"/>
<pin id="393" dir="0" index="2" bw="0" slack="2147483647"/>
<pin id="394" dir="1" index="3" bw="16" slack="2147483647"/>
</pin_list>
<bind>
<opcode="store(28) " fcode="store"/>
<opset="store_ln23/2 "/>
</bind>
</comp>

<comp id="397" class="1004" name="store_ln23_access_fu_397">
<pin_list>
<pin id="398" dir="0" index="0" bw="4" slack="0"/>
<pin id="399" dir="0" index="1" bw="16" slack="0"/>
<pin id="400" dir="0" index="2" bw="0" slack="2147483647"/>
<pin id="401" dir="1" index="3" bw="16" slack="2147483647"/>
</pin_list>
<bind>
<opcode="store(28) " fcode="store"/>
<opset="store_ln23/2 "/>
</bind>
</comp>

<comp id="404" class="1004" name="store_ln23_access_fu_404">
<pin_list>
<pin id="405" dir="0" index="0" bw="4" slack="0"/>
<pin id="406" dir="0" index="1" bw="16" slack="0"/>
<pin id="407" dir="0" index="2" bw="0" slack="2147483647"/>
<pin id="408" dir="1" index="3" bw="16" slack="2147483647"/>
</pin_list>
<bind>
<opcode="store(28) " fcode="store"/>
<opset="store_ln23/2 "/>
</bind>
</comp>

<comp id="411" class="1004" name="store_ln23_access_fu_411">
<pin_list>
<pin id="412" dir="0" index="0" bw="4" slack="0"/>
<pin id="413" dir="0" index="1" bw="16" slack="0"/>
<pin id="414" dir="0" index="2" bw="0" slack="2147483647"/>
<pin id="415" dir="1" index="3" bw="16" slack="2147483647"/>
</pin_list>
<bind>
<opcode="store(28) " fcode="store"/>
<opset="store_ln23/2 "/>
</bind>
</comp>

<comp id="418" class="1004" name="store_ln23_access_fu_418">
<pin_list>
<pin id="419" dir="0" index="0" bw="4" slack="0"/>
<pin id="420" dir="0" index="1" bw="16" slack="0"/>
<pin id="421" dir="0" index="2" bw="0" slack="2147483647"/>
<pin id="422" dir="1" index="3" bw="16" slack="2147483647"/>
</pin_list>
<bind>
<opcode="store(28) " fcode="store"/>
<opset="store_ln23/2 "/>
</bind>
</comp>

<comp id="425" class="1004" name="store_ln23_access_fu_425">
<pin_list>
<pin id="426" dir="0" index="0" bw="4" slack="0"/>
<pin id="427" dir="0" index="1" bw="16" slack="0"/>
<pin id="428" dir="0" index="2" bw="0" slack="2147483647"/>
<pin id="429" dir="1" index="3" bw="16" slack="2147483647"/>
</pin_list>
<bind>
<opcode="store(28) " fcode="store"/>
<opset="store_ln23/2 "/>
</bind>
</comp>

<comp id="432" class="1004" name="store_ln23_access_fu_432">
<pin_list>
<pin id="433" dir="0" index="0" bw="4" slack="0"/>
<pin id="434" dir="0" index="1" bw="16" slack="0"/>
<pin id="435" dir="0" index="2" bw="0" slack="2147483647"/>
<pin id="436" dir="1" index="3" bw="16" slack="2147483647"/>
</pin_list>
<bind>
<opcode="store(28) " fcode="store"/>
<opset="store_ln23/2 "/>
</bind>
</comp>

<comp id="439" class="1004" name="store_ln23_access_fu_439">
<pin_list>
<pin id="440" dir="0" index="0" bw="4" slack="0"/>
<pin id="441" dir="0" index="1" bw="16" slack="0"/>
<pin id="442" dir="0" index="2" bw="0" slack="2147483647"/>
<pin id="443" dir="1" index="3" bw="16" slack="2147483647"/>
</pin_list>
<bind>
<opcode="store(28) " fcode="store"/>
<opset="store_ln23/2 "/>
</bind>
</comp>

<comp id="446" class="1004" name="store_ln23_access_fu_446">
<pin_list>
<pin id="447" dir="0" index="0" bw="4" slack="0"/>
<pin id="448" dir="0" index="1" bw="16" slack="0"/>
<pin id="449" dir="0" index="2" bw="0" slack="2147483647"/>
<pin id="450" dir="1" index="3" bw="16" slack="2147483647"/>
</pin_list>
<bind>
<opcode="store(28) " fcode="store"/>
<opset="store_ln23/2 "/>
</bind>
</comp>

<comp id="453" class="1004" name="store_ln23_access_fu_453">
<pin_list>
<pin id="454" dir="0" index="0" bw="4" slack="0"/>
<pin id="455" dir="0" index="1" bw="16" slack="0"/>
<pin id="456" dir="0" index="2" bw="0" slack="2147483647"/>
<pin id="457" dir="1" index="3" bw="16" slack="2147483647"/>
</pin_list>
<bind>
<opcode="store(28) " fcode="store"/>
<opset="store_ln23/2 "/>
</bind>
</comp>

<comp id="460" class="1004" name="store_ln23_access_fu_460">
<pin_list>
<pin id="461" dir="0" index="0" bw="4" slack="0"/>
<pin id="462" dir="0" index="1" bw="16" slack="0"/>
<pin id="463" dir="0" index="2" bw="0" slack="2147483647"/>
<pin id="464" dir="1" index="3" bw="16" slack="2147483647"/>
</pin_list>
<bind>
<opcode="store(28) " fcode="store"/>
<opset="store_ln23/2 "/>
</bind>
</comp>

<comp id="467" class="1004" name="store_ln23_access_fu_467">
<pin_list>
<pin id="468" dir="0" index="0" bw="4" slack="0"/>
<pin id="469" dir="0" index="1" bw="16" slack="0"/>
<pin id="470" dir="0" index="2" bw="0" slack="2147483647"/>
<pin id="471" dir="1" index="3" bw="16" slack="2147483647"/>
</pin_list>
<bind>
<opcode="store(28) " fcode="store"/>
<opset="store_ln23/2 "/>
</bind>
</comp>

<comp id="474" class="1004" name="store_ln23_access_fu_474">
<pin_list>
<pin id="475" dir="0" index="0" bw="4" slack="0"/>
<pin id="476" dir="0" index="1" bw="16" slack="0"/>
<pin id="477" dir="0" index="2" bw="0" slack="2147483647"/>
<pin id="478" dir="1" index="3" bw="16" slack="2147483647"/>
</pin_list>
<bind>
<opcode="store(28) " fcode="store"/>
<opset="store_ln23/2 "/>
</bind>
</comp>

<comp id="481" class="1004" name="store_ln23_access_fu_481">
<pin_list>
<pin id="482" dir="0" index="0" bw="4" slack="0"/>
<pin id="483" dir="0" index="1" bw="16" slack="0"/>
<pin id="484" dir="0" index="2" bw="0" slack="2147483647"/>
<pin id="485" dir="1" index="3" bw="16" slack="2147483647"/>
</pin_list>
<bind>
<opcode="store(28) " fcode="store"/>
<opset="store_ln23/2 "/>
</bind>
</comp>

<comp id="488" class="1004" name="store_ln23_access_fu_488">
<pin_list>
<pin id="489" dir="0" index="0" bw="4" slack="0"/>
<pin id="490" dir="0" index="1" bw="16" slack="0"/>
<pin id="491" dir="0" index="2" bw="0" slack="2147483647"/>
<pin id="492" dir="1" index="3" bw="16" slack="2147483647"/>
</pin_list>
<bind>
<opcode="store(28) " fcode="store"/>
<opset="store_ln23/2 "/>
</bind>
</comp>

<comp id="495" class="1004" name="store_ln23_access_fu_495">
<pin_list>
<pin id="496" dir="0" index="0" bw="4" slack="0"/>
<pin id="497" dir="0" index="1" bw="16" slack="0"/>
<pin id="498" dir="0" index="2" bw="0" slack="2147483647"/>
<pin id="499" dir="1" index="3" bw="16" slack="2147483647"/>
</pin_list>
<bind>
<opcode="store(28) " fcode="store"/>
<opset="store_ln23/2 "/>
</bind>
</comp>

<comp id="502" class="1004" name="store_ln23_access_fu_502">
<pin_list>
<pin id="503" dir="0" index="0" bw="4" slack="0"/>
<pin id="504" dir="0" index="1" bw="16" slack="0"/>
<pin id="505" dir="0" index="2" bw="0" slack="2147483647"/>
<pin id="506" dir="1" index="3" bw="16" slack="2147483647"/>
</pin_list>
<bind>
<opcode="store(28) " fcode="store"/>
<opset="store_ln23/2 "/>
</bind>
</comp>

<comp id="509" class="1004" name="store_ln23_access_fu_509">
<pin_list>
<pin id="510" dir="0" index="0" bw="4" slack="0"/>
<pin id="511" dir="0" index="1" bw="16" slack="0"/>
<pin id="512" dir="0" index="2" bw="0" slack="2147483647"/>
<pin id="513" dir="1" index="3" bw="16" slack="2147483647"/>
</pin_list>
<bind>
<opcode="store(28) " fcode="store"/>
<opset="store_ln23/2 "/>
</bind>
</comp>

<comp id="516" class="1004" name="store_ln23_access_fu_516">
<pin_list>
<pin id="517" dir="0" index="0" bw="4" slack="0"/>
<pin id="518" dir="0" index="1" bw="16" slack="0"/>
<pin id="519" dir="0" index="2" bw="0" slack="2147483647"/>
<pin id="520" dir="1" index="3" bw="16" slack="2147483647"/>
</pin_list>
<bind>
<opcode="store(28) " fcode="store"/>
<opset="store_ln23/2 "/>
</bind>
</comp>

<comp id="523" class="1004" name="store_ln23_access_fu_523">
<pin_list>
<pin id="524" dir="0" index="0" bw="4" slack="0"/>
<pin id="525" dir="0" index="1" bw="16" slack="0"/>
<pin id="526" dir="0" index="2" bw="0" slack="2147483647"/>
<pin id="527" dir="1" index="3" bw="16" slack="2147483647"/>
</pin_list>
<bind>
<opcode="store(28) " fcode="store"/>
<opset="store_ln23/2 "/>
</bind>
</comp>

<comp id="530" class="1004" name="store_ln23_access_fu_530">
<pin_list>
<pin id="531" dir="0" index="0" bw="4" slack="0"/>
<pin id="532" dir="0" index="1" bw="16" slack="0"/>
<pin id="533" dir="0" index="2" bw="0" slack="2147483647"/>
<pin id="534" dir="1" index="3" bw="16" slack="2147483647"/>
</pin_list>
<bind>
<opcode="store(28) " fcode="store"/>
<opset="store_ln23/2 "/>
</bind>
</comp>

<comp id="537" class="1004" name="store_ln23_access_fu_537">
<pin_list>
<pin id="538" dir="0" index="0" bw="4" slack="0"/>
<pin id="539" dir="0" index="1" bw="16" slack="0"/>
<pin id="540" dir="0" index="2" bw="0" slack="2147483647"/>
<pin id="541" dir="1" index="3" bw="16" slack="2147483647"/>
</pin_list>
<bind>
<opcode="store(28) " fcode="store"/>
<opset="store_ln23/2 "/>
</bind>
</comp>

<comp id="544" class="1004" name="store_ln23_access_fu_544">
<pin_list>
<pin id="545" dir="0" index="0" bw="4" slack="0"/>
<pin id="546" dir="0" index="1" bw="16" slack="0"/>
<pin id="547" dir="0" index="2" bw="0" slack="2147483647"/>
<pin id="548" dir="1" index="3" bw="16" slack="2147483647"/>
</pin_list>
<bind>
<opcode="store(28) " fcode="store"/>
<opset="store_ln23/2 "/>
</bind>
</comp>

<comp id="551" class="1004" name="store_ln23_access_fu_551">
<pin_list>
<pin id="552" dir="0" index="0" bw="4" slack="0"/>
<pin id="553" dir="0" index="1" bw="16" slack="0"/>
<pin id="554" dir="0" index="2" bw="0" slack="2147483647"/>
<pin id="555" dir="1" index="3" bw="16" slack="2147483647"/>
</pin_list>
<bind>
<opcode="store(28) " fcode="store"/>
<opset="store_ln23/2 "/>
</bind>
</comp>

<comp id="558" class="1004" name="store_ln23_access_fu_558">
<pin_list>
<pin id="559" dir="0" index="0" bw="4" slack="0"/>
<pin id="560" dir="0" index="1" bw="16" slack="0"/>
<pin id="561" dir="0" index="2" bw="0" slack="2147483647"/>
<pin id="562" dir="1" index="3" bw="16" slack="2147483647"/>
</pin_list>
<bind>
<opcode="store(28) " fcode="store"/>
<opset="store_ln23/2 "/>
</bind>
</comp>

<comp id="565" class="1004" name="store_ln21_store_fu_565">
<pin_list>
<pin id="566" dir="0" index="0" bw="1" slack="0"/>
<pin id="567" dir="0" index="1" bw="5" slack="0"/>
<pin id="568" dir="1" index="2" bw="0" slack="2147483647"/>
</pin_list>
<bind>
<opcode="store(28) " fcode="store"/>
<opset="store_ln21/1 "/>
</bind>
</comp>

<comp id="570" class="1004" name="j_load_fu_570">
<pin_list>
<pin id="571" dir="0" index="0" bw="5" slack="0"/>
<pin id="572" dir="1" index="1" bw="5" slack="0"/>
</pin_list>
<bind>
<opcode="load(27) " fcode="load"/>
<opset="j/1 "/>
</bind>
</comp>

<comp id="573" class="1004" name="icmp_ln21_fu_573">
<pin_list>
<pin id="574" dir="0" index="0" bw="5" slack="0"/>
<pin id="575" dir="0" index="1" bw="5" slack="0"/>
<pin id="576" dir="1" index="2" bw="1" slack="2147483647"/>
</pin_list>
<bind>
<opcode="icmp(45) " fcode="icmp"/>
<opset="icmp_ln21/1 "/>
</bind>
</comp>

<comp id="579" class="1004" name="zext_ln23_fu_579">
<pin_list>
<pin id="580" dir="0" index="0" bw="5" slack="0"/>
<pin id="581" dir="1" index="1" bw="10" slack="0"/>
</pin_list>
<bind>
<opcode="zext(34) " fcode="zext"/>
<opset="zext_ln23/1 "/>
</bind>
</comp>

<comp id="583" class="1004" name="add_ln23_fu_583">
<pin_list>
<pin id="584" dir="0" index="0" bw="5" slack="0"/>
<pin id="585" dir="0" index="1" bw="10" slack="0"/>
<pin id="586" dir="1" index="2" bw="10" slack="0"/>
</pin_list>
<bind>
<opcode="add(8) " fcode="add"/>
<opset="add_ln23/1 "/>
</bind>
</comp>

<comp id="589" class="1004" name="zext_ln23_48_fu_589">
<pin_list>
<pin id="590" dir="0" index="0" bw="10" slack="0"/>
<pin id="591" dir="1" index="1" bw="64" slack="0"/>
</pin_list>
<bind>
<opcode="zext(34) " fcode="zext"/>
<opset="zext_ln23_48/1 "/>
</bind>
</comp>

<comp id="594" class="1004" name="add_ln21_fu_594">
<pin_list>
<pin id="595" dir="0" index="0" bw="5" slack="0"/>
<pin id="596" dir="0" index="1" bw="3" slack="0"/>
<pin id="597" dir="1" index="2" bw="5" slack="0"/>
</pin_list>
<bind>
<opcode="add(8) " fcode="add"/>
<opset="add_ln21/1 "/>
</bind>
</comp>

<comp id="600" class="1004" name="or_ln21_fu_600">
<pin_list>
<pin id="601" dir="0" index="0" bw="5" slack="0"/>
<pin id="602" dir="0" index="1" bw="1" slack="0"/>
<pin id="603" dir="1" index="2" bw="5" slack="0"/>
</pin_list>
<bind>
<opcode="or(24) " fcode="or"/>
<opset="or_ln21/1 "/>
</bind>
</comp>

<comp id="606" class="1004" name="zext_ln23_49_fu_606">
<pin_list>
<pin id="607" dir="0" index="0" bw="5" slack="0"/>
<pin id="608" dir="1" index="1" bw="10" slack="0"/>
</pin_list>
<bind>
<opcode="zext(34) " fcode="zext"/>
<opset="zext_ln23_49/1 "/>
</bind>
</comp>

<comp id="610" class="1004" name="add_ln23_14_fu_610">
<pin_list>
<pin id="611" dir="0" index="0" bw="5" slack="0"/>
<pin id="612" dir="0" index="1" bw="10" slack="0"/>
<pin id="613" dir="1" index="2" bw="10" slack="0"/>
</pin_list>
<bind>
<opcode="add(8) " fcode="add"/>
<opset="add_ln23_14/1 "/>
</bind>
</comp>

<comp id="616" class="1004" name="zext_ln23_50_fu_616">
<pin_list>
<pin id="617" dir="0" index="0" bw="10" slack="0"/>
<pin id="618" dir="1" index="1" bw="64" slack="0"/>
</pin_list>
<bind>
<opcode="zext(34) " fcode="zext"/>
<opset="zext_ln23_50/1 "/>
</bind>
</comp>

<comp id="621" class="1004" name="store_ln21_store_fu_621">
<pin_list>
<pin id="622" dir="0" index="0" bw="5" slack="0"/>
<pin id="623" dir="0" index="1" bw="5" slack="0"/>
<pin id="624" dir="1" index="2" bw="0" slack="2147483647"/>
</pin_list>
<bind>
<opcode="store(28) " fcode="store"/>
<opset="store_ln21/1 "/>
</bind>
</comp>

<comp id="626" class="1005" name="j_18_reg_626">
<pin_list>
<pin id="627" dir="0" index="0" bw="5" slack="0"/>
<pin id="628" dir="1" index="1" bw="5" slack="0"/>
</pin_list>
<bind>
<opset="j_18 "/>
</bind>
</comp>

<comp id="633" class="1005" name="j_reg_633">
<pin_list>
<pin id="634" dir="0" index="0" bw="5" slack="1"/>
<pin id="635" dir="1" index="1" bw="5" slack="2147483647"/>
</pin_list>
<bind>
<opset="j "/>
</bind>
</comp>

<comp id="640" class="1005" name="input_r_addr_reg_640">
<pin_list>
<pin id="641" dir="0" index="0" bw="10" slack="1"/>
<pin id="642" dir="1" index="1" bw="10" slack="1"/>
</pin_list>
<bind>
<opset="input_r_addr "/>
</bind>
</comp>

<comp id="645" class="1005" name="input_r_addr_16_reg_645">
<pin_list>
<pin id="646" dir="0" index="0" bw="10" slack="1"/>
<pin id="647" dir="1" index="1" bw="10" slack="1"/>
</pin_list>
<bind>
<opset="input_r_addr_16 "/>
</bind>
</comp>

</comp_list>

<net_list>
<net id="119"><net_src comp="58" pin="0"/><net_sink comp="116" pin=0"/></net>

<net id="125"><net_src comp="56" pin="0"/><net_sink comp="120" pin=0"/></net>

<net id="126"><net_src comp="76" pin="0"/><net_sink comp="120" pin=1"/></net>

<net id="132"><net_src comp="56" pin="0"/><net_sink comp="127" pin=0"/></net>

<net id="133"><net_src comp="76" pin="0"/><net_sink comp="127" pin=1"/></net>

<net id="143"><net_src comp="120" pin="3"/><net_sink comp="134" pin=2"/></net>

<net id="144"><net_src comp="127" pin="3"/><net_sink comp="134" pin=0"/></net>

<net id="150"><net_src comp="0" pin="0"/><net_sink comp="145" pin=0"/></net>

<net id="151"><net_src comp="76" pin="0"/><net_sink comp="145" pin=1"/></net>

<net id="152"><net_src comp="104" pin="0"/><net_sink comp="145" pin=2"/></net>

<net id="158"><net_src comp="2" pin="0"/><net_sink comp="153" pin=0"/></net>

<net id="159"><net_src comp="76" pin="0"/><net_sink comp="153" pin=1"/></net>

<net id="160"><net_src comp="104" pin="0"/><net_sink comp="153" pin=2"/></net>

<net id="166"><net_src comp="4" pin="0"/><net_sink comp="161" pin=0"/></net>

<net id="167"><net_src comp="76" pin="0"/><net_sink comp="161" pin=1"/></net>

<net id="168"><net_src comp="104" pin="0"/><net_sink comp="161" pin=2"/></net>

<net id="174"><net_src comp="6" pin="0"/><net_sink comp="169" pin=0"/></net>

<net id="175"><net_src comp="76" pin="0"/><net_sink comp="169" pin=1"/></net>

<net id="176"><net_src comp="104" pin="0"/><net_sink comp="169" pin=2"/></net>

<net id="182"><net_src comp="8" pin="0"/><net_sink comp="177" pin=0"/></net>

<net id="183"><net_src comp="76" pin="0"/><net_sink comp="177" pin=1"/></net>

<net id="184"><net_src comp="104" pin="0"/><net_sink comp="177" pin=2"/></net>

<net id="190"><net_src comp="10" pin="0"/><net_sink comp="185" pin=0"/></net>

<net id="191"><net_src comp="76" pin="0"/><net_sink comp="185" pin=1"/></net>

<net id="192"><net_src comp="104" pin="0"/><net_sink comp="185" pin=2"/></net>

<net id="198"><net_src comp="12" pin="0"/><net_sink comp="193" pin=0"/></net>

<net id="199"><net_src comp="76" pin="0"/><net_sink comp="193" pin=1"/></net>

<net id="200"><net_src comp="104" pin="0"/><net_sink comp="193" pin=2"/></net>

<net id="206"><net_src comp="14" pin="0"/><net_sink comp="201" pin=0"/></net>

<net id="207"><net_src comp="76" pin="0"/><net_sink comp="201" pin=1"/></net>

<net id="208"><net_src comp="104" pin="0"/><net_sink comp="201" pin=2"/></net>

<net id="214"><net_src comp="16" pin="0"/><net_sink comp="209" pin=0"/></net>

<net id="215"><net_src comp="76" pin="0"/><net_sink comp="209" pin=1"/></net>

<net id="216"><net_src comp="104" pin="0"/><net_sink comp="209" pin=2"/></net>

<net id="222"><net_src comp="18" pin="0"/><net_sink comp="217" pin=0"/></net>

<net id="223"><net_src comp="76" pin="0"/><net_sink comp="217" pin=1"/></net>

<net id="224"><net_src comp="104" pin="0"/><net_sink comp="217" pin=2"/></net>

<net id="230"><net_src comp="20" pin="0"/><net_sink comp="225" pin=0"/></net>

<net id="231"><net_src comp="76" pin="0"/><net_sink comp="225" pin=1"/></net>

<net id="232"><net_src comp="104" pin="0"/><net_sink comp="225" pin=2"/></net>

<net id="238"><net_src comp="22" pin="0"/><net_sink comp="233" pin=0"/></net>

<net id="239"><net_src comp="76" pin="0"/><net_sink comp="233" pin=1"/></net>

<net id="240"><net_src comp="104" pin="0"/><net_sink comp="233" pin=2"/></net>

<net id="246"><net_src comp="24" pin="0"/><net_sink comp="241" pin=0"/></net>

<net id="247"><net_src comp="76" pin="0"/><net_sink comp="241" pin=1"/></net>

<net id="248"><net_src comp="104" pin="0"/><net_sink comp="241" pin=2"/></net>

<net id="254"><net_src comp="26" pin="0"/><net_sink comp="249" pin=0"/></net>

<net id="255"><net_src comp="76" pin="0"/><net_sink comp="249" pin=1"/></net>

<net id="256"><net_src comp="104" pin="0"/><net_sink comp="249" pin=2"/></net>

<net id="262"><net_src comp="28" pin="0"/><net_sink comp="257" pin=0"/></net>

<net id="263"><net_src comp="76" pin="0"/><net_sink comp="257" pin=1"/></net>

<net id="264"><net_src comp="104" pin="0"/><net_sink comp="257" pin=2"/></net>

<net id="270"><net_src comp="30" pin="0"/><net_sink comp="265" pin=0"/></net>

<net id="271"><net_src comp="76" pin="0"/><net_sink comp="265" pin=1"/></net>

<net id="272"><net_src comp="104" pin="0"/><net_sink comp="265" pin=2"/></net>

<net id="278"><net_src comp="32" pin="0"/><net_sink comp="273" pin=0"/></net>

<net id="279"><net_src comp="76" pin="0"/><net_sink comp="273" pin=1"/></net>

<net id="280"><net_src comp="104" pin="0"/><net_sink comp="273" pin=2"/></net>

<net id="286"><net_src comp="34" pin="0"/><net_sink comp="281" pin=0"/></net>

<net id="287"><net_src comp="76" pin="0"/><net_sink comp="281" pin=1"/></net>

<net id="288"><net_src comp="104" pin="0"/><net_sink comp="281" pin=2"/></net>

<net id="294"><net_src comp="36" pin="0"/><net_sink comp="289" pin=0"/></net>

<net id="295"><net_src comp="76" pin="0"/><net_sink comp="289" pin=1"/></net>

<net id="296"><net_src comp="104" pin="0"/><net_sink comp="289" pin=2"/></net>

<net id="302"><net_src comp="38" pin="0"/><net_sink comp="297" pin=0"/></net>

<net id="303"><net_src comp="76" pin="0"/><net_sink comp="297" pin=1"/></net>

<net id="304"><net_src comp="104" pin="0"/><net_sink comp="297" pin=2"/></net>

<net id="310"><net_src comp="40" pin="0"/><net_sink comp="305" pin=0"/></net>

<net id="311"><net_src comp="76" pin="0"/><net_sink comp="305" pin=1"/></net>

<net id="312"><net_src comp="104" pin="0"/><net_sink comp="305" pin=2"/></net>

<net id="318"><net_src comp="42" pin="0"/><net_sink comp="313" pin=0"/></net>

<net id="319"><net_src comp="76" pin="0"/><net_sink comp="313" pin=1"/></net>

<net id="320"><net_src comp="104" pin="0"/><net_sink comp="313" pin=2"/></net>

<net id="326"><net_src comp="44" pin="0"/><net_sink comp="321" pin=0"/></net>

<net id="327"><net_src comp="76" pin="0"/><net_sink comp="321" pin=1"/></net>

<net id="328"><net_src comp="104" pin="0"/><net_sink comp="321" pin=2"/></net>

<net id="334"><net_src comp="46" pin="0"/><net_sink comp="329" pin=0"/></net>

<net id="335"><net_src comp="76" pin="0"/><net_sink comp="329" pin=1"/></net>

<net id="336"><net_src comp="104" pin="0"/><net_sink comp="329" pin=2"/></net>

<net id="342"><net_src comp="48" pin="0"/><net_sink comp="337" pin=0"/></net>

<net id="343"><net_src comp="76" pin="0"/><net_sink comp="337" pin=1"/></net>

<net id="344"><net_src comp="104" pin="0"/><net_sink comp="337" pin=2"/></net>

<net id="350"><net_src comp="50" pin="0"/><net_sink comp="345" pin=0"/></net>

<net id="351"><net_src comp="76" pin="0"/><net_sink comp="345" pin=1"/></net>

<net id="352"><net_src comp="104" pin="0"/><net_sink comp="345" pin=2"/></net>

<net id="358"><net_src comp="52" pin="0"/><net_sink comp="353" pin=0"/></net>

<net id="359"><net_src comp="76" pin="0"/><net_sink comp="353" pin=1"/></net>

<net id="360"><net_src comp="104" pin="0"/><net_sink comp="353" pin=2"/></net>

<net id="366"><net_src comp="54" pin="0"/><net_sink comp="361" pin=0"/></net>

<net id="367"><net_src comp="76" pin="0"/><net_sink comp="361" pin=1"/></net>

<net id="368"><net_src comp="104" pin="0"/><net_sink comp="361" pin=2"/></net>

<net id="374"><net_src comp="134" pin="7"/><net_sink comp="369" pin=1"/></net>

<net id="375"><net_src comp="337" pin="3"/><net_sink comp="369" pin=0"/></net>

<net id="381"><net_src comp="134" pin="3"/><net_sink comp="376" pin=1"/></net>

<net id="382"><net_src comp="345" pin="3"/><net_sink comp="376" pin=0"/></net>

<net id="388"><net_src comp="134" pin="7"/><net_sink comp="383" pin=1"/></net>

<net id="389"><net_src comp="321" pin="3"/><net_sink comp="383" pin=0"/></net>

<net id="395"><net_src comp="134" pin="3"/><net_sink comp="390" pin=1"/></net>

<net id="396"><net_src comp="329" pin="3"/><net_sink comp="390" pin=0"/></net>

<net id="402"><net_src comp="134" pin="7"/><net_sink comp="397" pin=1"/></net>

<net id="403"><net_src comp="305" pin="3"/><net_sink comp="397" pin=0"/></net>

<net id="409"><net_src comp="134" pin="3"/><net_sink comp="404" pin=1"/></net>

<net id="410"><net_src comp="313" pin="3"/><net_sink comp="404" pin=0"/></net>

<net id="416"><net_src comp="134" pin="7"/><net_sink comp="411" pin=1"/></net>

<net id="417"><net_src comp="289" pin="3"/><net_sink comp="411" pin=0"/></net>

<net id="423"><net_src comp="134" pin="3"/><net_sink comp="418" pin=1"/></net>

<net id="424"><net_src comp="297" pin="3"/><net_sink comp="418" pin=0"/></net>

<net id="430"><net_src comp="134" pin="7"/><net_sink comp="425" pin=1"/></net>

<net id="431"><net_src comp="273" pin="3"/><net_sink comp="425" pin=0"/></net>

<net id="437"><net_src comp="134" pin="3"/><net_sink comp="432" pin=1"/></net>

<net id="438"><net_src comp="281" pin="3"/><net_sink comp="432" pin=0"/></net>

<net id="444"><net_src comp="134" pin="7"/><net_sink comp="439" pin=1"/></net>

<net id="445"><net_src comp="257" pin="3"/><net_sink comp="439" pin=0"/></net>

<net id="451"><net_src comp="134" pin="3"/><net_sink comp="446" pin=1"/></net>

<net id="452"><net_src comp="265" pin="3"/><net_sink comp="446" pin=0"/></net>

<net id="458"><net_src comp="134" pin="7"/><net_sink comp="453" pin=1"/></net>

<net id="459"><net_src comp="241" pin="3"/><net_sink comp="453" pin=0"/></net>

<net id="465"><net_src comp="134" pin="3"/><net_sink comp="460" pin=1"/></net>

<net id="466"><net_src comp="249" pin="3"/><net_sink comp="460" pin=0"/></net>

<net id="472"><net_src comp="134" pin="7"/><net_sink comp="467" pin=1"/></net>

<net id="473"><net_src comp="225" pin="3"/><net_sink comp="467" pin=0"/></net>

<net id="479"><net_src comp="134" pin="3"/><net_sink comp="474" pin=1"/></net>

<net id="480"><net_src comp="233" pin="3"/><net_sink comp="474" pin=0"/></net>

<net id="486"><net_src comp="134" pin="7"/><net_sink comp="481" pin=1"/></net>

<net id="487"><net_src comp="209" pin="3"/><net_sink comp="481" pin=0"/></net>

<net id="493"><net_src comp="134" pin="3"/><net_sink comp="488" pin=1"/></net>

<net id="494"><net_src comp="217" pin="3"/><net_sink comp="488" pin=0"/></net>

<net id="500"><net_src comp="134" pin="7"/><net_sink comp="495" pin=1"/></net>

<net id="501"><net_src comp="193" pin="3"/><net_sink comp="495" pin=0"/></net>

<net id="507"><net_src comp="134" pin="3"/><net_sink comp="502" pin=1"/></net>

<net id="508"><net_src comp="201" pin="3"/><net_sink comp="502" pin=0"/></net>

<net id="514"><net_src comp="134" pin="7"/><net_sink comp="509" pin=1"/></net>

<net id="515"><net_src comp="177" pin="3"/><net_sink comp="509" pin=0"/></net>

<net id="521"><net_src comp="134" pin="3"/><net_sink comp="516" pin=1"/></net>

<net id="522"><net_src comp="185" pin="3"/><net_sink comp="516" pin=0"/></net>

<net id="528"><net_src comp="134" pin="7"/><net_sink comp="523" pin=1"/></net>

<net id="529"><net_src comp="161" pin="3"/><net_sink comp="523" pin=0"/></net>

<net id="535"><net_src comp="134" pin="3"/><net_sink comp="530" pin=1"/></net>

<net id="536"><net_src comp="169" pin="3"/><net_sink comp="530" pin=0"/></net>

<net id="542"><net_src comp="134" pin="7"/><net_sink comp="537" pin=1"/></net>

<net id="543"><net_src comp="145" pin="3"/><net_sink comp="537" pin=0"/></net>

<net id="549"><net_src comp="134" pin="3"/><net_sink comp="544" pin=1"/></net>

<net id="550"><net_src comp="153" pin="3"/><net_sink comp="544" pin=0"/></net>

<net id="556"><net_src comp="134" pin="7"/><net_sink comp="551" pin=1"/></net>

<net id="557"><net_src comp="353" pin="3"/><net_sink comp="551" pin=0"/></net>

<net id="563"><net_src comp="134" pin="3"/><net_sink comp="558" pin=1"/></net>

<net id="564"><net_src comp="361" pin="3"/><net_sink comp="558" pin=0"/></net>

<net id="569"><net_src comp="70" pin="0"/><net_sink comp="565" pin=0"/></net>

<net id="577"><net_src comp="570" pin="1"/><net_sink comp="573" pin=0"/></net>

<net id="578"><net_src comp="72" pin="0"/><net_sink comp="573" pin=1"/></net>

<net id="582"><net_src comp="570" pin="1"/><net_sink comp="579" pin=0"/></net>

<net id="587"><net_src comp="579" pin="1"/><net_sink comp="583" pin=0"/></net>

<net id="588"><net_src comp="74" pin="0"/><net_sink comp="583" pin=1"/></net>

<net id="592"><net_src comp="583" pin="2"/><net_sink comp="589" pin=0"/></net>

<net id="593"><net_src comp="589" pin="1"/><net_sink comp="120" pin=2"/></net>

<net id="598"><net_src comp="570" pin="1"/><net_sink comp="594" pin=0"/></net>

<net id="599"><net_src comp="78" pin="0"/><net_sink comp="594" pin=1"/></net>

<net id="604"><net_src comp="570" pin="1"/><net_sink comp="600" pin=0"/></net>

<net id="605"><net_src comp="80" pin="0"/><net_sink comp="600" pin=1"/></net>

<net id="609"><net_src comp="600" pin="2"/><net_sink comp="606" pin=0"/></net>

<net id="614"><net_src comp="606" pin="1"/><net_sink comp="610" pin=0"/></net>

<net id="615"><net_src comp="74" pin="0"/><net_sink comp="610" pin=1"/></net>

<net id="619"><net_src comp="610" pin="2"/><net_sink comp="616" pin=0"/></net>

<net id="620"><net_src comp="616" pin="1"/><net_sink comp="127" pin=2"/></net>

<net id="625"><net_src comp="594" pin="2"/><net_sink comp="621" pin=0"/></net>

<net id="629"><net_src comp="116" pin="1"/><net_sink comp="626" pin=0"/></net>

<net id="630"><net_src comp="626" pin="1"/><net_sink comp="565" pin=1"/></net>

<net id="631"><net_src comp="626" pin="1"/><net_sink comp="570" pin=0"/></net>

<net id="632"><net_src comp="626" pin="1"/><net_sink comp="621" pin=1"/></net>

<net id="636"><net_src comp="570" pin="1"/><net_sink comp="633" pin=0"/></net>

<net id="643"><net_src comp="120" pin="3"/><net_sink comp="640" pin=0"/></net>

<net id="644"><net_src comp="640" pin="1"/><net_sink comp="134" pin=2"/></net>

<net id="648"><net_src comp="127" pin="3"/><net_sink comp="645" pin=0"/></net>

<net id="649"><net_src comp="645" pin="1"/><net_sink comp="134" pin=0"/></net>

</net_list>

</model> 
---------------- Datapath Model END ------------------

* FSMD analyzer results:
  - Output states:
	Port: local_input_31 | {2 }
	Port: local_input_32 | {2 }
	Port: local_input_33 | {2 }
	Port: local_input_34 | {2 }
	Port: local_input_35 | {2 }
	Port: local_input_36 | {2 }
	Port: local_input_37 | {2 }
	Port: local_input_38 | {2 }
	Port: local_input_39 | {2 }
	Port: local_input_40 | {2 }
	Port: local_input_41 | {2 }
	Port: local_input_42 | {2 }
	Port: local_input_43 | {2 }
	Port: local_input_44 | {2 }
	Port: local_input_45 | {2 }
	Port: local_input_46 | {2 }
	Port: local_input_47 | {2 }
	Port: local_input_48 | {2 }
	Port: local_input_49 | {2 }
	Port: local_input_50 | {2 }
	Port: local_input_51 | {2 }
	Port: local_input_52 | {2 }
	Port: local_input_53 | {2 }
	Port: local_input_54 | {2 }
	Port: local_input_55 | {2 }
	Port: local_input_56 | {2 }
	Port: local_input_57 | {2 }
	Port: local_input_58 | {2 }
 - Input state : 
	Port: cnn_Pipeline_VITIS_LOOP_21_218 : input_r | {1 2 }
  - Chain level:
	State 1
		store_ln21 : 1
		j : 1
		icmp_ln21 : 2
		br_ln21 : 3
		zext_ln23 : 2
		add_ln23 : 3
		zext_ln23_48 : 4
		input_r_addr : 5
		add_ln21 : 2
		or_ln21 : 2
		zext_ln23_49 : 2
		add_ln23_14 : 3
		zext_ln23_50 : 4
		input_r_addr_16 : 5
		input_r_load : 6
		input_r_load_16 : 6
		switch_ln23 : 2
		store_ln21 : 3
	State 2
		store_ln23 : 1
		store_ln23 : 1
		store_ln23 : 1
		store_ln23 : 1
		store_ln23 : 1
		store_ln23 : 1
		store_ln23 : 1
		store_ln23 : 1
		store_ln23 : 1
		store_ln23 : 1
		store_ln23 : 1
		store_ln23 : 1
		store_ln23 : 1
		store_ln23 : 1
		store_ln23 : 1
		store_ln23 : 1
		store_ln23 : 1
		store_ln23 : 1
		store_ln23 : 1
		store_ln23 : 1
		store_ln23 : 1
		store_ln23 : 1
		store_ln23 : 1
		store_ln23 : 1
		store_ln23 : 1
		store_ln23 : 1
		store_ln23 : 1
		store_ln23 : 1


============================================================
+ Verbose Summary: Datapath Resource usage 
============================================================

* Functional unit list:
|----------|---------------------|---------|---------|
| Operation|   Functional Unit   |    FF   |   LUT   |
|----------|---------------------|---------|---------|
|          |   add_ln23_fu_583   |    0    |    17   |
|    add   |   add_ln21_fu_594   |    0    |    12   |
|          |  add_ln23_14_fu_610 |    0    |    17   |
|----------|---------------------|---------|---------|
|   icmp   |   icmp_ln21_fu_573  |    0    |    12   |
|----------|---------------------|---------|---------|
|          |   zext_ln23_fu_579  |    0    |    0    |
|   zext   | zext_ln23_48_fu_589 |    0    |    0    |
|          | zext_ln23_49_fu_606 |    0    |    0    |
|          | zext_ln23_50_fu_616 |    0    |    0    |
|----------|---------------------|---------|---------|
|    or    |    or_ln21_fu_600   |    0    |    0    |
|----------|---------------------|---------|---------|
|   Total  |                     |    0    |    58   |
|----------|---------------------|---------|---------|

Memories:
N/A

* Register list:
+-----------------------+--------+
|                       |   FF   |
+-----------------------+--------+
|input_r_addr_16_reg_645|   10   |
|  input_r_addr_reg_640 |   10   |
|      j_18_reg_626     |    5   |
|       j_reg_633       |    5   |
+-----------------------+--------+
|         Total         |   30   |
+-----------------------+--------+

* Multiplexer (MUX) list: 
|-------------------|------|------|------|--------||---------||---------|
|        Comp       |  Pin | Size |  BW  | S x BW ||  Delay  ||   LUT   |
|-------------------|------|------|------|--------||---------||---------|
| grp_access_fu_134 |  p0  |   2  |  10  |   20   ||    9    |
| grp_access_fu_134 |  p2  |   2  |   0  |    0   ||    9    |
|-------------------|------|------|------|--------||---------||---------|
|       Total       |      |      |      |   20   ||   0.92  ||    18   |
|-------------------|------|------|------|--------||---------||---------|



* Summary:
+-----------+--------+--------+--------+
|           |  Delay |   FF   |   LUT  |
+-----------+--------+--------+--------+
|  Function |    -   |    0   |   58   |
|   Memory  |    -   |    -   |    -   |
|Multiplexer|    0   |    -   |   18   |
|  Register |    -   |   30   |    -   |
+-----------+--------+--------+--------+
|   Total   |    0   |   30   |   76   |
+-----------+--------+--------+--------+
