

================================================================
== Vitis HLS Report for 'cnn_Pipeline_VITIS_LOOP_21_28'
================================================================
* Date:           Tue Jan 28 03:38:44 2025

* Version:        2023.2 (Build 4023990 on Oct 11 2023)
* Project:        cnn
* Solution:       solution1 (Vivado IP Flow Target)
* Product family: virtexuplus
* Target device:  xcvu11p-flga2577-1-e


================================================================
== Performance Estimates
================================================================
+ Timing: 
    * Summary: 
    +--------+----------+----------+------------+
    |  Clock |  Target  | Estimated| Uncertainty|
    +--------+----------+----------+------------+
    |ap_clk  |  10.00 ns|  2.027 ns|     2.70 ns|
    +--------+----------+----------+------------+

+ Latency: 
    * Summary: 
    +---------+---------+----------+----------+-----+-----+---------+
    |  Latency (cycles) |  Latency (absolute) |  Interval | Pipeline|
    |   min   |   max   |    min   |    max   | min | max |   Type  |
    +---------+---------+----------+----------+-----+-----+---------+
    |       16|       16|  0.160 us|  0.160 us|   16|   16|       no|
    +---------+---------+----------+----------+-----+-----+---------+

    + Detail: 
        * Instance: 
        N/A

        * Loop: 
        +-------------------+---------+---------+----------+-----------+-----------+------+----------+
        |                   |  Latency (cycles) | Iteration|  Initiation Interval  | Trip |          |
        |     Loop Name     |   min   |   max   |  Latency |  achieved |   target  | Count| Pipelined|
        +-------------------+---------+---------+----------+-----------+-----------+------+----------+
        |- VITIS_LOOP_21_2  |       14|       14|         2|          1|          1|    14|       yes|
        +-------------------+---------+---------+----------+-----------+-----------+------+----------+

============================================================
+ Verbose Summary: Synthesis Manager
============================================================
InlineROM: 1
ExposeGlobal: 0
============================================================
+ Verbose Summary: CDFG Model
============================================================
IsTopModel: 0
ResetActiveHigh: 1
IsCombinational: 0
IsDatapathOnly: 0
HasWiredReturn: 1
HasMFsm: 2
HasVarLatency: 1
IsPipeline: 0
IsRtlPipelined: 0
IsInstanceOverlapped: 0
IsDontTouch: 0
HasImplIP: 0
IsGatedGlobalClock: 0

+ Individual pipeline summary: 
  * Pipeline-0: initiation interval (II) = 1, depth = 2


============================================================
+ Verbose Summary: Schedule
============================================================
* Number of FSM states : 2
* Pipeline : 1
  Pipeline-0 : II = 1, D = 2, States = { 1 2 }
* Dataflow Pipeline: 0

* FSM state transitions: 
1 --> 2 
2 --> 

* FSM state operations: 

State 1 <SV = 0> <Delay = 1.75>
ST_1 : Operation 5 [1/1] (0.00ns)   --->   "%j_8 = alloca i32 1" [cnn.cpp:21]   --->   Operation 5 'alloca' 'j_8' <Predicate = true> <Delay = 0.00>
ST_1 : Operation 6 [1/1] (0.00ns)   --->   "%specinterface_ln0 = specinterface void @_ssdm_op_SpecInterface, i16 %input_r, void @empty, i32 0, i32 0, void @empty_0, i32 4294967295, i32 0, void @empty_0, void @empty_0, void @empty_0, i32 0, i32 0, i32 0, i32 0, void @empty_0, void @empty_0, i32 4294967295, i32 0"   --->   Operation 6 'specinterface' 'specinterface_ln0' <Predicate = true> <Delay = 0.00>
ST_1 : Operation 7 [1/1] (0.46ns)   --->   "%store_ln21 = store i5 0, i5 %j_8" [cnn.cpp:21]   --->   Operation 7 'store' 'store_ln21' <Predicate = true> <Delay = 0.46>
ST_1 : Operation 8 [1/1] (0.00ns)   --->   "%br_ln0 = br void %for.inc.8"   --->   Operation 8 'br' 'br_ln0' <Predicate = true> <Delay = 0.00>
ST_1 : Operation 9 [1/1] (0.00ns)   --->   "%j = load i5 %j_8" [cnn.cpp:21]   --->   Operation 9 'load' 'j' <Predicate = true> <Delay = 0.00>
ST_1 : Operation 10 [1/1] (0.82ns)   --->   "%icmp_ln21 = icmp_ult  i5 %j, i5 28" [cnn.cpp:21]   --->   Operation 10 'icmp' 'icmp_ln21' <Predicate = true> <Delay = 0.82> <CoreInst = "Cmp">   --->   Core 9 'Cmp' <Latency = 0> <II = 1> <Delay = 0.82> <FuncUnit> <Opcode : 'icmp'> <InPorts = 2> <OutPorts = 1>
ST_1 : Operation 11 [1/1] (0.00ns)   --->   "%br_ln21 = br i1 %icmp_ln21, void %for.inc12.8.exitStub, void %for.inc.8.split" [cnn.cpp:21]   --->   Operation 11 'br' 'br_ln21' <Predicate = true> <Delay = 0.00>
ST_1 : Operation 12 [1/1] (0.00ns)   --->   "%tmp_s = bitconcatenate i6 @_ssdm_op_BitConcatenate.i6.i1.i5, i1 1, i5 %j" [cnn.cpp:23]   --->   Operation 12 'bitconcatenate' 'tmp_s' <Predicate = (icmp_ln21)> <Delay = 0.00>
ST_1 : Operation 13 [1/1] (0.00ns)   --->   "%sext_ln23 = sext i6 %tmp_s" [cnn.cpp:23]   --->   Operation 13 'sext' 'sext_ln23' <Predicate = (icmp_ln21)> <Delay = 0.00>
ST_1 : Operation 14 [1/1] (0.00ns)   --->   "%zext_ln23 = zext i8 %sext_ln23" [cnn.cpp:23]   --->   Operation 14 'zext' 'zext_ln23' <Predicate = (icmp_ln21)> <Delay = 0.00>
ST_1 : Operation 15 [1/1] (0.00ns)   --->   "%input_r_addr = getelementptr i16 %input_r, i64 0, i64 %zext_ln23" [cnn.cpp:23]   --->   Operation 15 'getelementptr' 'input_r_addr' <Predicate = (icmp_ln21)> <Delay = 0.00>
ST_1 : Operation 16 [1/1] (0.82ns)   --->   "%add_ln21 = add i5 %j, i5 2" [cnn.cpp:21]   --->   Operation 16 'add' 'add_ln21' <Predicate = (icmp_ln21)> <Delay = 0.82> <CoreInst = "Adder">   --->   Core 1 'Adder' <Latency = 0> <II = 1> <Delay = 0.82> <FuncUnit> <Opcode : 'add' 'sub'> <InPorts = 2> <OutPorts = 1>
ST_1 : Operation 17 [1/1] (0.00ns)   --->   "%or_ln21 = or i5 %j, i5 1" [cnn.cpp:21]   --->   Operation 17 'or' 'or_ln21' <Predicate = (icmp_ln21)> <Delay = 0.00>
ST_1 : Operation 18 [1/1] (0.00ns)   --->   "%tmp_91 = bitconcatenate i6 @_ssdm_op_BitConcatenate.i6.i1.i5, i1 1, i5 %or_ln21" [cnn.cpp:23]   --->   Operation 18 'bitconcatenate' 'tmp_91' <Predicate = (icmp_ln21)> <Delay = 0.00>
ST_1 : Operation 19 [1/1] (0.00ns)   --->   "%sext_ln23_1 = sext i6 %tmp_91" [cnn.cpp:23]   --->   Operation 19 'sext' 'sext_ln23_1' <Predicate = (icmp_ln21)> <Delay = 0.00>
ST_1 : Operation 20 [1/1] (0.00ns)   --->   "%zext_ln23_4 = zext i8 %sext_ln23_1" [cnn.cpp:23]   --->   Operation 20 'zext' 'zext_ln23_4' <Predicate = (icmp_ln21)> <Delay = 0.00>
ST_1 : Operation 21 [1/1] (0.00ns)   --->   "%input_r_addr_2 = getelementptr i16 %input_r, i64 0, i64 %zext_ln23_4" [cnn.cpp:23]   --->   Operation 21 'getelementptr' 'input_r_addr_2' <Predicate = (icmp_ln21)> <Delay = 0.00>
ST_1 : Operation 22 [2/2] (1.29ns)   --->   "%input_r_load = load i10 %input_r_addr" [cnn.cpp:23]   --->   Operation 22 'load' 'input_r_load' <Predicate = (icmp_ln21)> <Delay = 1.29> <CoreInst = "RAM">   --->   Core 83 'RAM' <Latency = 1> <II = 1> <Delay = 1.29> <Storage> <Opcode : 'load' 'store'> <Ports = 2> <Width = 16> <Depth = 784> <RAM>
ST_1 : Operation 23 [2/2] (1.29ns)   --->   "%input_r_load_2 = load i10 %input_r_addr_2" [cnn.cpp:23]   --->   Operation 23 'load' 'input_r_load_2' <Predicate = (icmp_ln21)> <Delay = 1.29> <CoreInst = "RAM">   --->   Core 83 'RAM' <Latency = 1> <II = 1> <Delay = 1.29> <Storage> <Opcode : 'load' 'store'> <Ports = 2> <Width = 16> <Depth = 784> <RAM>
ST_1 : Operation 24 [1/1] (0.89ns)   --->   "%switch_ln23 = switch i5 %j, void %arrayidx1114.8.1.case.28, i5 0, void %arrayidx1114.8.1.case.2, i5 2, void %arrayidx1114.8.1.case.4, i5 4, void %arrayidx1114.8.1.case.6, i5 6, void %arrayidx1114.8.1.case.8, i5 8, void %arrayidx1114.8.1.case.10, i5 10, void %arrayidx1114.8.1.case.12, i5 12, void %arrayidx1114.8.1.case.14, i5 14, void %arrayidx1114.8.1.case.16, i5 16, void %arrayidx1114.8.1.case.18, i5 18, void %arrayidx1114.8.1.case.20, i5 20, void %arrayidx1114.8.1.case.22, i5 22, void %arrayidx1114.8.1.case.24, i5 24, void %arrayidx1114.8.1.case.26" [cnn.cpp:23]   --->   Operation 24 'switch' 'switch_ln23' <Predicate = (icmp_ln21)> <Delay = 0.89>
ST_1 : Operation 25 [1/1] (0.46ns)   --->   "%store_ln21 = store i5 %add_ln21, i5 %j_8" [cnn.cpp:21]   --->   Operation 25 'store' 'store_ln21' <Predicate = (icmp_ln21)> <Delay = 0.46>
ST_1 : Operation 26 [1/1] (0.00ns)   --->   "%br_ln21 = br void %for.inc.8" [cnn.cpp:21]   --->   Operation 26 'br' 'br_ln21' <Predicate = (icmp_ln21)> <Delay = 0.00>
ST_1 : Operation 102 [1/1] (0.00ns)   --->   "%ret_ln0 = ret"   --->   Operation 102 'ret' 'ret_ln0' <Predicate = (!icmp_ln21)> <Delay = 0.00>

State 2 <SV = 1> <Delay = 2.02>
ST_2 : Operation 27 [1/1] (0.00ns)   --->   "%local_input_1_addr = getelementptr i16 %local_input_1, i64 0, i64 3" [cnn.cpp:23]   --->   Operation 27 'getelementptr' 'local_input_1_addr' <Predicate = true> <Delay = 0.00>
ST_2 : Operation 28 [1/1] (0.00ns)   --->   "%local_input_2_addr = getelementptr i16 %local_input_2, i64 0, i64 3" [cnn.cpp:23]   --->   Operation 28 'getelementptr' 'local_input_2_addr' <Predicate = true> <Delay = 0.00>
ST_2 : Operation 29 [1/1] (0.00ns)   --->   "%local_input_3_addr = getelementptr i16 %local_input_3, i64 0, i64 3" [cnn.cpp:23]   --->   Operation 29 'getelementptr' 'local_input_3_addr' <Predicate = true> <Delay = 0.00>
ST_2 : Operation 30 [1/1] (0.00ns)   --->   "%local_input_4_addr = getelementptr i16 %local_input_4, i64 0, i64 3" [cnn.cpp:23]   --->   Operation 30 'getelementptr' 'local_input_4_addr' <Predicate = true> <Delay = 0.00>
ST_2 : Operation 31 [1/1] (0.00ns)   --->   "%local_input_5_addr = getelementptr i16 %local_input_5, i64 0, i64 3" [cnn.cpp:23]   --->   Operation 31 'getelementptr' 'local_input_5_addr' <Predicate = true> <Delay = 0.00>
ST_2 : Operation 32 [1/1] (0.00ns)   --->   "%local_input_6_addr = getelementptr i16 %local_input_6, i64 0, i64 3" [cnn.cpp:23]   --->   Operation 32 'getelementptr' 'local_input_6_addr' <Predicate = true> <Delay = 0.00>
ST_2 : Operation 33 [1/1] (0.00ns)   --->   "%local_input_7_addr = getelementptr i16 %local_input_7, i64 0, i64 3" [cnn.cpp:23]   --->   Operation 33 'getelementptr' 'local_input_7_addr' <Predicate = true> <Delay = 0.00>
ST_2 : Operation 34 [1/1] (0.00ns)   --->   "%local_input_8_addr = getelementptr i16 %local_input_8, i64 0, i64 3" [cnn.cpp:23]   --->   Operation 34 'getelementptr' 'local_input_8_addr' <Predicate = true> <Delay = 0.00>
ST_2 : Operation 35 [1/1] (0.00ns)   --->   "%local_input_9_addr = getelementptr i16 %local_input_9, i64 0, i64 3" [cnn.cpp:23]   --->   Operation 35 'getelementptr' 'local_input_9_addr' <Predicate = true> <Delay = 0.00>
ST_2 : Operation 36 [1/1] (0.00ns)   --->   "%local_input_10_addr = getelementptr i16 %local_input_10, i64 0, i64 3" [cnn.cpp:23]   --->   Operation 36 'getelementptr' 'local_input_10_addr' <Predicate = true> <Delay = 0.00>
ST_2 : Operation 37 [1/1] (0.00ns)   --->   "%local_input_11_addr = getelementptr i16 %local_input_11, i64 0, i64 3" [cnn.cpp:23]   --->   Operation 37 'getelementptr' 'local_input_11_addr' <Predicate = true> <Delay = 0.00>
ST_2 : Operation 38 [1/1] (0.00ns)   --->   "%local_input_12_addr = getelementptr i16 %local_input_12, i64 0, i64 3" [cnn.cpp:23]   --->   Operation 38 'getelementptr' 'local_input_12_addr' <Predicate = true> <Delay = 0.00>
ST_2 : Operation 39 [1/1] (0.00ns)   --->   "%local_input_13_addr = getelementptr i16 %local_input_13, i64 0, i64 3" [cnn.cpp:23]   --->   Operation 39 'getelementptr' 'local_input_13_addr' <Predicate = true> <Delay = 0.00>
ST_2 : Operation 40 [1/1] (0.00ns)   --->   "%local_input_14_addr = getelementptr i16 %local_input_14, i64 0, i64 3" [cnn.cpp:23]   --->   Operation 40 'getelementptr' 'local_input_14_addr' <Predicate = true> <Delay = 0.00>
ST_2 : Operation 41 [1/1] (0.00ns)   --->   "%local_input_15_addr = getelementptr i16 %local_input_15, i64 0, i64 3" [cnn.cpp:23]   --->   Operation 41 'getelementptr' 'local_input_15_addr' <Predicate = true> <Delay = 0.00>
ST_2 : Operation 42 [1/1] (0.00ns)   --->   "%local_input_16_addr = getelementptr i16 %local_input_16, i64 0, i64 3" [cnn.cpp:23]   --->   Operation 42 'getelementptr' 'local_input_16_addr' <Predicate = true> <Delay = 0.00>
ST_2 : Operation 43 [1/1] (0.00ns)   --->   "%local_input_17_addr = getelementptr i16 %local_input_17, i64 0, i64 3" [cnn.cpp:23]   --->   Operation 43 'getelementptr' 'local_input_17_addr' <Predicate = true> <Delay = 0.00>
ST_2 : Operation 44 [1/1] (0.00ns)   --->   "%local_input_18_addr = getelementptr i16 %local_input_18, i64 0, i64 3" [cnn.cpp:23]   --->   Operation 44 'getelementptr' 'local_input_18_addr' <Predicate = true> <Delay = 0.00>
ST_2 : Operation 45 [1/1] (0.00ns)   --->   "%local_input_19_addr = getelementptr i16 %local_input_19, i64 0, i64 3" [cnn.cpp:23]   --->   Operation 45 'getelementptr' 'local_input_19_addr' <Predicate = true> <Delay = 0.00>
ST_2 : Operation 46 [1/1] (0.00ns)   --->   "%local_input_20_addr = getelementptr i16 %local_input_20, i64 0, i64 3" [cnn.cpp:23]   --->   Operation 46 'getelementptr' 'local_input_20_addr' <Predicate = true> <Delay = 0.00>
ST_2 : Operation 47 [1/1] (0.00ns)   --->   "%local_input_21_addr = getelementptr i16 %local_input_21, i64 0, i64 3" [cnn.cpp:23]   --->   Operation 47 'getelementptr' 'local_input_21_addr' <Predicate = true> <Delay = 0.00>
ST_2 : Operation 48 [1/1] (0.00ns)   --->   "%local_input_22_addr = getelementptr i16 %local_input_22, i64 0, i64 3" [cnn.cpp:23]   --->   Operation 48 'getelementptr' 'local_input_22_addr' <Predicate = true> <Delay = 0.00>
ST_2 : Operation 49 [1/1] (0.00ns)   --->   "%local_input_23_addr = getelementptr i16 %local_input_23, i64 0, i64 3" [cnn.cpp:23]   --->   Operation 49 'getelementptr' 'local_input_23_addr' <Predicate = true> <Delay = 0.00>
ST_2 : Operation 50 [1/1] (0.00ns)   --->   "%local_input_24_addr = getelementptr i16 %local_input_24, i64 0, i64 3" [cnn.cpp:23]   --->   Operation 50 'getelementptr' 'local_input_24_addr' <Predicate = true> <Delay = 0.00>
ST_2 : Operation 51 [1/1] (0.00ns)   --->   "%local_input_25_addr = getelementptr i16 %local_input_25, i64 0, i64 3" [cnn.cpp:23]   --->   Operation 51 'getelementptr' 'local_input_25_addr' <Predicate = true> <Delay = 0.00>
ST_2 : Operation 52 [1/1] (0.00ns)   --->   "%local_input_26_addr = getelementptr i16 %local_input_26, i64 0, i64 3" [cnn.cpp:23]   --->   Operation 52 'getelementptr' 'local_input_26_addr' <Predicate = true> <Delay = 0.00>
ST_2 : Operation 53 [1/1] (0.00ns)   --->   "%local_input_27_addr = getelementptr i16 %local_input_27, i64 0, i64 3" [cnn.cpp:23]   --->   Operation 53 'getelementptr' 'local_input_27_addr' <Predicate = true> <Delay = 0.00>
ST_2 : Operation 54 [1/1] (0.00ns)   --->   "%local_input_28_addr = getelementptr i16 %local_input_28, i64 0, i64 3" [cnn.cpp:23]   --->   Operation 54 'getelementptr' 'local_input_28_addr' <Predicate = true> <Delay = 0.00>
ST_2 : Operation 55 [1/1] (0.00ns)   --->   "%specpipeline_ln21 = specpipeline void @_ssdm_op_SpecPipeline, i32 4294967295, i32 0, i32 0, i32 0, void @empty_0" [cnn.cpp:21]   --->   Operation 55 'specpipeline' 'specpipeline_ln21' <Predicate = true> <Delay = 0.00>
ST_2 : Operation 56 [1/1] (0.00ns)   --->   "%speclooptripcount_ln21 = speclooptripcount void @_ssdm_op_SpecLoopTripCount, i64 14, i64 14, i64 14" [cnn.cpp:21]   --->   Operation 56 'speclooptripcount' 'speclooptripcount_ln21' <Predicate = true> <Delay = 0.00>
ST_2 : Operation 57 [1/1] (0.00ns)   --->   "%specloopname_ln21 = specloopname void @_ssdm_op_SpecLoopName, void @empty_5" [cnn.cpp:21]   --->   Operation 57 'specloopname' 'specloopname_ln21' <Predicate = true> <Delay = 0.00>
ST_2 : Operation 58 [1/2] (1.29ns)   --->   "%input_r_load = load i10 %input_r_addr" [cnn.cpp:23]   --->   Operation 58 'load' 'input_r_load' <Predicate = true> <Delay = 1.29> <CoreInst = "RAM">   --->   Core 83 'RAM' <Latency = 1> <II = 1> <Delay = 1.29> <Storage> <Opcode : 'load' 'store'> <Ports = 2> <Width = 16> <Depth = 784> <RAM>
ST_2 : Operation 59 [1/2] (1.29ns)   --->   "%input_r_load_2 = load i10 %input_r_addr_2" [cnn.cpp:23]   --->   Operation 59 'load' 'input_r_load_2' <Predicate = true> <Delay = 1.29> <CoreInst = "RAM">   --->   Core 83 'RAM' <Latency = 1> <II = 1> <Delay = 1.29> <Storage> <Opcode : 'load' 'store'> <Ports = 2> <Width = 16> <Depth = 784> <RAM>
ST_2 : Operation 60 [1/1] (0.73ns)   --->   "%store_ln23 = store i16 %input_r_load, i4 %local_input_25_addr" [cnn.cpp:23]   --->   Operation 60 'store' 'store_ln23' <Predicate = (j == 24)> <Delay = 0.73> <CoreInst = "RAM">   --->   Core 83 'RAM' <Latency = 1> <II = 1> <Delay = 0.73> <Storage> <Opcode : 'load' 'store'> <Ports = 2> <Width = 16> <Depth = 10> <RAM>
ST_2 : Operation 61 [1/1] (0.73ns)   --->   "%store_ln23 = store i16 %input_r_load_2, i4 %local_input_26_addr" [cnn.cpp:23]   --->   Operation 61 'store' 'store_ln23' <Predicate = (j == 24)> <Delay = 0.73> <CoreInst = "RAM">   --->   Core 83 'RAM' <Latency = 1> <II = 1> <Delay = 0.73> <Storage> <Opcode : 'load' 'store'> <Ports = 2> <Width = 16> <Depth = 10> <RAM>
ST_2 : Operation 62 [1/1] (0.00ns)   --->   "%br_ln23 = br void %arrayidx1114.8.1.exit" [cnn.cpp:23]   --->   Operation 62 'br' 'br_ln23' <Predicate = (j == 24)> <Delay = 0.00>
ST_2 : Operation 63 [1/1] (0.73ns)   --->   "%store_ln23 = store i16 %input_r_load, i4 %local_input_23_addr" [cnn.cpp:23]   --->   Operation 63 'store' 'store_ln23' <Predicate = (j == 22)> <Delay = 0.73> <CoreInst = "RAM">   --->   Core 83 'RAM' <Latency = 1> <II = 1> <Delay = 0.73> <Storage> <Opcode : 'load' 'store'> <Ports = 2> <Width = 16> <Depth = 10> <RAM>
ST_2 : Operation 64 [1/1] (0.73ns)   --->   "%store_ln23 = store i16 %input_r_load_2, i4 %local_input_24_addr" [cnn.cpp:23]   --->   Operation 64 'store' 'store_ln23' <Predicate = (j == 22)> <Delay = 0.73> <CoreInst = "RAM">   --->   Core 83 'RAM' <Latency = 1> <II = 1> <Delay = 0.73> <Storage> <Opcode : 'load' 'store'> <Ports = 2> <Width = 16> <Depth = 10> <RAM>
ST_2 : Operation 65 [1/1] (0.00ns)   --->   "%br_ln23 = br void %arrayidx1114.8.1.exit" [cnn.cpp:23]   --->   Operation 65 'br' 'br_ln23' <Predicate = (j == 22)> <Delay = 0.00>
ST_2 : Operation 66 [1/1] (0.73ns)   --->   "%store_ln23 = store i16 %input_r_load, i4 %local_input_21_addr" [cnn.cpp:23]   --->   Operation 66 'store' 'store_ln23' <Predicate = (j == 20)> <Delay = 0.73> <CoreInst = "RAM">   --->   Core 83 'RAM' <Latency = 1> <II = 1> <Delay = 0.73> <Storage> <Opcode : 'load' 'store'> <Ports = 2> <Width = 16> <Depth = 10> <RAM>
ST_2 : Operation 67 [1/1] (0.73ns)   --->   "%store_ln23 = store i16 %input_r_load_2, i4 %local_input_22_addr" [cnn.cpp:23]   --->   Operation 67 'store' 'store_ln23' <Predicate = (j == 20)> <Delay = 0.73> <CoreInst = "RAM">   --->   Core 83 'RAM' <Latency = 1> <II = 1> <Delay = 0.73> <Storage> <Opcode : 'load' 'store'> <Ports = 2> <Width = 16> <Depth = 10> <RAM>
ST_2 : Operation 68 [1/1] (0.00ns)   --->   "%br_ln23 = br void %arrayidx1114.8.1.exit" [cnn.cpp:23]   --->   Operation 68 'br' 'br_ln23' <Predicate = (j == 20)> <Delay = 0.00>
ST_2 : Operation 69 [1/1] (0.73ns)   --->   "%store_ln23 = store i16 %input_r_load, i4 %local_input_19_addr" [cnn.cpp:23]   --->   Operation 69 'store' 'store_ln23' <Predicate = (j == 18)> <Delay = 0.73> <CoreInst = "RAM">   --->   Core 83 'RAM' <Latency = 1> <II = 1> <Delay = 0.73> <Storage> <Opcode : 'load' 'store'> <Ports = 2> <Width = 16> <Depth = 10> <RAM>
ST_2 : Operation 70 [1/1] (0.73ns)   --->   "%store_ln23 = store i16 %input_r_load_2, i4 %local_input_20_addr" [cnn.cpp:23]   --->   Operation 70 'store' 'store_ln23' <Predicate = (j == 18)> <Delay = 0.73> <CoreInst = "RAM">   --->   Core 83 'RAM' <Latency = 1> <II = 1> <Delay = 0.73> <Storage> <Opcode : 'load' 'store'> <Ports = 2> <Width = 16> <Depth = 10> <RAM>
ST_2 : Operation 71 [1/1] (0.00ns)   --->   "%br_ln23 = br void %arrayidx1114.8.1.exit" [cnn.cpp:23]   --->   Operation 71 'br' 'br_ln23' <Predicate = (j == 18)> <Delay = 0.00>
ST_2 : Operation 72 [1/1] (0.73ns)   --->   "%store_ln23 = store i16 %input_r_load, i4 %local_input_17_addr" [cnn.cpp:23]   --->   Operation 72 'store' 'store_ln23' <Predicate = (j == 16)> <Delay = 0.73> <CoreInst = "RAM">   --->   Core 83 'RAM' <Latency = 1> <II = 1> <Delay = 0.73> <Storage> <Opcode : 'load' 'store'> <Ports = 2> <Width = 16> <Depth = 10> <RAM>
ST_2 : Operation 73 [1/1] (0.73ns)   --->   "%store_ln23 = store i16 %input_r_load_2, i4 %local_input_18_addr" [cnn.cpp:23]   --->   Operation 73 'store' 'store_ln23' <Predicate = (j == 16)> <Delay = 0.73> <CoreInst = "RAM">   --->   Core 83 'RAM' <Latency = 1> <II = 1> <Delay = 0.73> <Storage> <Opcode : 'load' 'store'> <Ports = 2> <Width = 16> <Depth = 10> <RAM>
ST_2 : Operation 74 [1/1] (0.00ns)   --->   "%br_ln23 = br void %arrayidx1114.8.1.exit" [cnn.cpp:23]   --->   Operation 74 'br' 'br_ln23' <Predicate = (j == 16)> <Delay = 0.00>
ST_2 : Operation 75 [1/1] (0.73ns)   --->   "%store_ln23 = store i16 %input_r_load, i4 %local_input_15_addr" [cnn.cpp:23]   --->   Operation 75 'store' 'store_ln23' <Predicate = (j == 14)> <Delay = 0.73> <CoreInst = "RAM">   --->   Core 83 'RAM' <Latency = 1> <II = 1> <Delay = 0.73> <Storage> <Opcode : 'load' 'store'> <Ports = 2> <Width = 16> <Depth = 10> <RAM>
ST_2 : Operation 76 [1/1] (0.73ns)   --->   "%store_ln23 = store i16 %input_r_load_2, i4 %local_input_16_addr" [cnn.cpp:23]   --->   Operation 76 'store' 'store_ln23' <Predicate = (j == 14)> <Delay = 0.73> <CoreInst = "RAM">   --->   Core 83 'RAM' <Latency = 1> <II = 1> <Delay = 0.73> <Storage> <Opcode : 'load' 'store'> <Ports = 2> <Width = 16> <Depth = 10> <RAM>
ST_2 : Operation 77 [1/1] (0.00ns)   --->   "%br_ln23 = br void %arrayidx1114.8.1.exit" [cnn.cpp:23]   --->   Operation 77 'br' 'br_ln23' <Predicate = (j == 14)> <Delay = 0.00>
ST_2 : Operation 78 [1/1] (0.73ns)   --->   "%store_ln23 = store i16 %input_r_load, i4 %local_input_13_addr" [cnn.cpp:23]   --->   Operation 78 'store' 'store_ln23' <Predicate = (j == 12)> <Delay = 0.73> <CoreInst = "RAM">   --->   Core 83 'RAM' <Latency = 1> <II = 1> <Delay = 0.73> <Storage> <Opcode : 'load' 'store'> <Ports = 2> <Width = 16> <Depth = 10> <RAM>
ST_2 : Operation 79 [1/1] (0.73ns)   --->   "%store_ln23 = store i16 %input_r_load_2, i4 %local_input_14_addr" [cnn.cpp:23]   --->   Operation 79 'store' 'store_ln23' <Predicate = (j == 12)> <Delay = 0.73> <CoreInst = "RAM">   --->   Core 83 'RAM' <Latency = 1> <II = 1> <Delay = 0.73> <Storage> <Opcode : 'load' 'store'> <Ports = 2> <Width = 16> <Depth = 10> <RAM>
ST_2 : Operation 80 [1/1] (0.00ns)   --->   "%br_ln23 = br void %arrayidx1114.8.1.exit" [cnn.cpp:23]   --->   Operation 80 'br' 'br_ln23' <Predicate = (j == 12)> <Delay = 0.00>
ST_2 : Operation 81 [1/1] (0.73ns)   --->   "%store_ln23 = store i16 %input_r_load, i4 %local_input_11_addr" [cnn.cpp:23]   --->   Operation 81 'store' 'store_ln23' <Predicate = (j == 10)> <Delay = 0.73> <CoreInst = "RAM">   --->   Core 83 'RAM' <Latency = 1> <II = 1> <Delay = 0.73> <Storage> <Opcode : 'load' 'store'> <Ports = 2> <Width = 16> <Depth = 10> <RAM>
ST_2 : Operation 82 [1/1] (0.73ns)   --->   "%store_ln23 = store i16 %input_r_load_2, i4 %local_input_12_addr" [cnn.cpp:23]   --->   Operation 82 'store' 'store_ln23' <Predicate = (j == 10)> <Delay = 0.73> <CoreInst = "RAM">   --->   Core 83 'RAM' <Latency = 1> <II = 1> <Delay = 0.73> <Storage> <Opcode : 'load' 'store'> <Ports = 2> <Width = 16> <Depth = 10> <RAM>
ST_2 : Operation 83 [1/1] (0.00ns)   --->   "%br_ln23 = br void %arrayidx1114.8.1.exit" [cnn.cpp:23]   --->   Operation 83 'br' 'br_ln23' <Predicate = (j == 10)> <Delay = 0.00>
ST_2 : Operation 84 [1/1] (0.73ns)   --->   "%store_ln23 = store i16 %input_r_load, i4 %local_input_9_addr" [cnn.cpp:23]   --->   Operation 84 'store' 'store_ln23' <Predicate = (j == 8)> <Delay = 0.73> <CoreInst = "RAM">   --->   Core 83 'RAM' <Latency = 1> <II = 1> <Delay = 0.73> <Storage> <Opcode : 'load' 'store'> <Ports = 2> <Width = 16> <Depth = 10> <RAM>
ST_2 : Operation 85 [1/1] (0.73ns)   --->   "%store_ln23 = store i16 %input_r_load_2, i4 %local_input_10_addr" [cnn.cpp:23]   --->   Operation 85 'store' 'store_ln23' <Predicate = (j == 8)> <Delay = 0.73> <CoreInst = "RAM">   --->   Core 83 'RAM' <Latency = 1> <II = 1> <Delay = 0.73> <Storage> <Opcode : 'load' 'store'> <Ports = 2> <Width = 16> <Depth = 10> <RAM>
ST_2 : Operation 86 [1/1] (0.00ns)   --->   "%br_ln23 = br void %arrayidx1114.8.1.exit" [cnn.cpp:23]   --->   Operation 86 'br' 'br_ln23' <Predicate = (j == 8)> <Delay = 0.00>
ST_2 : Operation 87 [1/1] (0.73ns)   --->   "%store_ln23 = store i16 %input_r_load, i4 %local_input_7_addr" [cnn.cpp:23]   --->   Operation 87 'store' 'store_ln23' <Predicate = (j == 6)> <Delay = 0.73> <CoreInst = "RAM">   --->   Core 83 'RAM' <Latency = 1> <II = 1> <Delay = 0.73> <Storage> <Opcode : 'load' 'store'> <Ports = 2> <Width = 16> <Depth = 10> <RAM>
ST_2 : Operation 88 [1/1] (0.73ns)   --->   "%store_ln23 = store i16 %input_r_load_2, i4 %local_input_8_addr" [cnn.cpp:23]   --->   Operation 88 'store' 'store_ln23' <Predicate = (j == 6)> <Delay = 0.73> <CoreInst = "RAM">   --->   Core 83 'RAM' <Latency = 1> <II = 1> <Delay = 0.73> <Storage> <Opcode : 'load' 'store'> <Ports = 2> <Width = 16> <Depth = 10> <RAM>
ST_2 : Operation 89 [1/1] (0.00ns)   --->   "%br_ln23 = br void %arrayidx1114.8.1.exit" [cnn.cpp:23]   --->   Operation 89 'br' 'br_ln23' <Predicate = (j == 6)> <Delay = 0.00>
ST_2 : Operation 90 [1/1] (0.73ns)   --->   "%store_ln23 = store i16 %input_r_load, i4 %local_input_5_addr" [cnn.cpp:23]   --->   Operation 90 'store' 'store_ln23' <Predicate = (j == 4)> <Delay = 0.73> <CoreInst = "RAM">   --->   Core 83 'RAM' <Latency = 1> <II = 1> <Delay = 0.73> <Storage> <Opcode : 'load' 'store'> <Ports = 2> <Width = 16> <Depth = 10> <RAM>
ST_2 : Operation 91 [1/1] (0.73ns)   --->   "%store_ln23 = store i16 %input_r_load_2, i4 %local_input_6_addr" [cnn.cpp:23]   --->   Operation 91 'store' 'store_ln23' <Predicate = (j == 4)> <Delay = 0.73> <CoreInst = "RAM">   --->   Core 83 'RAM' <Latency = 1> <II = 1> <Delay = 0.73> <Storage> <Opcode : 'load' 'store'> <Ports = 2> <Width = 16> <Depth = 10> <RAM>
ST_2 : Operation 92 [1/1] (0.00ns)   --->   "%br_ln23 = br void %arrayidx1114.8.1.exit" [cnn.cpp:23]   --->   Operation 92 'br' 'br_ln23' <Predicate = (j == 4)> <Delay = 0.00>
ST_2 : Operation 93 [1/1] (0.73ns)   --->   "%store_ln23 = store i16 %input_r_load, i4 %local_input_3_addr" [cnn.cpp:23]   --->   Operation 93 'store' 'store_ln23' <Predicate = (j == 2)> <Delay = 0.73> <CoreInst = "RAM">   --->   Core 83 'RAM' <Latency = 1> <II = 1> <Delay = 0.73> <Storage> <Opcode : 'load' 'store'> <Ports = 2> <Width = 16> <Depth = 10> <RAM>
ST_2 : Operation 94 [1/1] (0.73ns)   --->   "%store_ln23 = store i16 %input_r_load_2, i4 %local_input_4_addr" [cnn.cpp:23]   --->   Operation 94 'store' 'store_ln23' <Predicate = (j == 2)> <Delay = 0.73> <CoreInst = "RAM">   --->   Core 83 'RAM' <Latency = 1> <II = 1> <Delay = 0.73> <Storage> <Opcode : 'load' 'store'> <Ports = 2> <Width = 16> <Depth = 10> <RAM>
ST_2 : Operation 95 [1/1] (0.00ns)   --->   "%br_ln23 = br void %arrayidx1114.8.1.exit" [cnn.cpp:23]   --->   Operation 95 'br' 'br_ln23' <Predicate = (j == 2)> <Delay = 0.00>
ST_2 : Operation 96 [1/1] (0.73ns)   --->   "%store_ln23 = store i16 %input_r_load, i4 %local_input_1_addr" [cnn.cpp:23]   --->   Operation 96 'store' 'store_ln23' <Predicate = (j == 0)> <Delay = 0.73> <CoreInst = "RAM">   --->   Core 83 'RAM' <Latency = 1> <II = 1> <Delay = 0.73> <Storage> <Opcode : 'load' 'store'> <Ports = 2> <Width = 16> <Depth = 10> <RAM>
ST_2 : Operation 97 [1/1] (0.73ns)   --->   "%store_ln23 = store i16 %input_r_load_2, i4 %local_input_2_addr" [cnn.cpp:23]   --->   Operation 97 'store' 'store_ln23' <Predicate = (j == 0)> <Delay = 0.73> <CoreInst = "RAM">   --->   Core 83 'RAM' <Latency = 1> <II = 1> <Delay = 0.73> <Storage> <Opcode : 'load' 'store'> <Ports = 2> <Width = 16> <Depth = 10> <RAM>
ST_2 : Operation 98 [1/1] (0.00ns)   --->   "%br_ln23 = br void %arrayidx1114.8.1.exit" [cnn.cpp:23]   --->   Operation 98 'br' 'br_ln23' <Predicate = (j == 0)> <Delay = 0.00>
ST_2 : Operation 99 [1/1] (0.73ns)   --->   "%store_ln23 = store i16 %input_r_load, i4 %local_input_27_addr" [cnn.cpp:23]   --->   Operation 99 'store' 'store_ln23' <Predicate = (j != 0 & j != 2 & j != 4 & j != 6 & j != 8 & j != 10 & j != 12 & j != 14 & j != 16 & j != 18 & j != 20 & j != 22 & j != 24)> <Delay = 0.73> <CoreInst = "RAM">   --->   Core 83 'RAM' <Latency = 1> <II = 1> <Delay = 0.73> <Storage> <Opcode : 'load' 'store'> <Ports = 2> <Width = 16> <Depth = 10> <RAM>
ST_2 : Operation 100 [1/1] (0.73ns)   --->   "%store_ln23 = store i16 %input_r_load_2, i4 %local_input_28_addr" [cnn.cpp:23]   --->   Operation 100 'store' 'store_ln23' <Predicate = (j != 0 & j != 2 & j != 4 & j != 6 & j != 8 & j != 10 & j != 12 & j != 14 & j != 16 & j != 18 & j != 20 & j != 22 & j != 24)> <Delay = 0.73> <CoreInst = "RAM">   --->   Core 83 'RAM' <Latency = 1> <II = 1> <Delay = 0.73> <Storage> <Opcode : 'load' 'store'> <Ports = 2> <Width = 16> <Depth = 10> <RAM>
ST_2 : Operation 101 [1/1] (0.00ns)   --->   "%br_ln23 = br void %arrayidx1114.8.1.exit" [cnn.cpp:23]   --->   Operation 101 'br' 'br_ln23' <Predicate = (j != 0 & j != 2 & j != 4 & j != 6 & j != 8 & j != 10 & j != 12 & j != 14 & j != 16 & j != 18 & j != 20 & j != 22 & j != 24)> <Delay = 0.00>


============================================================
+ Verbose Summary: Timing violations
============================================================
Target clock period: 10.000ns, clock uncertainty: 2.700ns.

 <State 1>: 1.757ns
The critical path consists of the following:
	'store' operation 0 bit ('store_ln21', cnn.cpp:21) of constant 0 on local variable 'j', cnn.cpp:21 [32]  (0.460 ns)
	'load' operation 5 bit ('j', cnn.cpp:21) on local variable 'j', cnn.cpp:21 [35]  (0.000 ns)
	'getelementptr' operation 10 bit ('input_r_addr', cnn.cpp:23) [70]  (0.000 ns)
	'load' operation 16 bit ('input_r_load', cnn.cpp:23) on array 'input_r' [80]  (1.297 ns)

 <State 2>: 2.027ns
The critical path consists of the following:
	'load' operation 16 bit ('input_r_load', cnn.cpp:23) on array 'input_r' [80]  (1.297 ns)
	'store' operation 0 bit ('store_ln23', cnn.cpp:23) of variable 'input_r_load', cnn.cpp:23 on array 'local_input_11' [112]  (0.730 ns)


============================================================
+ Verbose Summary: Binding
============================================================
N/A
* FSMD analyzer results:
  - Output states:
 - Input state : 
  - Chain level:
	State 1
	State 2


============================================================
+ Verbose Summary: Datapath Resource usage 
============================================================
N/A
